{"D:\\proyecto\\proyecto\\feriazag-api-backend\\conection.js": {"path":"D:\\proyecto\\proyecto\\feriazag-api-backend\\conection.js","statementMap":{"0":{"start":{"line":7,"column":14},"end":{"line":7,"column":30}},"1":{"start":{"line":11,"column":0},"end":{"line":11,"column":27}},"2":{"start":{"line":34,"column":13},"end":{"line":113,"column":2}},"3":{"start":{"line":143,"column":0},"end":{"line":143,"column":22}}},"fnMap":{},"branchMap":{},"s":{"0":12,"1":12,"2":12,"3":12},"f":{},"b":{},"_coverageSchema":"1a1c01bbd47fc00a2c39e90264f33305004495a9","hash":"af1e97df7fe4d42bab3d585cb867811b0fec6024"}
,"D:\\proyecto\\proyecto\\feriazag-api-backend\\controllers\\cliente.controller.js": {"path":"D:\\proyecto\\proyecto\\feriazag-api-backend\\controllers\\cliente.controller.js","statementMap":{"0":{"start":{"line":1,"column":23},"end":{"line":1,"column":61}},"1":{"start":{"line":2,"column":29},"end":{"line":2,"column":57}},"2":{"start":{"line":7,"column":8},"end":{"line":13,"column":9}},"3":{"start":{"line":8,"column":31},"end":{"line":8,"column":40}},"4":{"start":{"line":9,"column":29},"end":{"line":9,"column":72}},"5":{"start":{"line":10,"column":12},"end":{"line":10,"column":31}},"6":{"start":{"line":12,"column":12},"end":{"line":12,"column":24}},"7":{"start":{"line":17,"column":8},"end":{"line":28,"column":9}},"8":{"start":{"line":18,"column":27},"end":{"line":18,"column":48}},"9":{"start":{"line":19,"column":12},"end":{"line":21,"column":13}},"10":{"start":{"line":20,"column":16},"end":{"line":20,"column":73}},"11":{"start":{"line":23,"column":31},"end":{"line":23,"column":40}},"12":{"start":{"line":24,"column":29},"end":{"line":24,"column":72}},"13":{"start":{"line":25,"column":12},"end":{"line":25,"column":31}},"14":{"start":{"line":27,"column":12},"end":{"line":27,"column":24}},"15":{"start":{"line":32,"column":8},"end":{"line":43,"column":9}},"16":{"start":{"line":33,"column":27},"end":{"line":33,"column":48}},"17":{"start":{"line":34,"column":12},"end":{"line":36,"column":13}},"18":{"start":{"line":35,"column":16},"end":{"line":35,"column":73}},"19":{"start":{"line":38,"column":35},"end":{"line":38,"column":45}},"20":{"start":{"line":39,"column":28},"end":{"line":39,"column":80}},"21":{"start":{"line":40,"column":12},"end":{"line":40,"column":30}},"22":{"start":{"line":42,"column":12},"end":{"line":42,"column":24}},"23":{"start":{"line":47,"column":8},"end":{"line":57,"column":9}},"24":{"start":{"line":48,"column":27},"end":{"line":48,"column":48}},"25":{"start":{"line":49,"column":12},"end":{"line":51,"column":13}},"26":{"start":{"line":50,"column":16},"end":{"line":50,"column":73}},"27":{"start":{"line":53,"column":30},"end":{"line":53,"column":73}},"28":{"start":{"line":54,"column":12},"end":{"line":54,"column":44}},"29":{"start":{"line":56,"column":12},"end":{"line":56,"column":24}},"30":{"start":{"line":61,"column":8},"end":{"line":72,"column":9}},"31":{"start":{"line":62,"column":27},"end":{"line":62,"column":48}},"32":{"start":{"line":63,"column":12},"end":{"line":65,"column":13}},"33":{"start":{"line":64,"column":16},"end":{"line":64,"column":73}},"34":{"start":{"line":67,"column":35},"end":{"line":67,"column":45}},"35":{"start":{"line":68,"column":30},"end":{"line":68,"column":90}},"36":{"start":{"line":69,"column":12},"end":{"line":69,"column":32}},"37":{"start":{"line":71,"column":12},"end":{"line":71,"column":24}},"38":{"start":{"line":76,"column":8},"end":{"line":88,"column":9}},"39":{"start":{"line":77,"column":27},"end":{"line":77,"column":48}},"40":{"start":{"line":78,"column":12},"end":{"line":80,"column":13}},"41":{"start":{"line":79,"column":16},"end":{"line":79,"column":73}},"42":{"start":{"line":82,"column":35},"end":{"line":82,"column":45}},"43":{"start":{"line":83,"column":31},"end":{"line":83,"column":39}},"44":{"start":{"line":84,"column":30},"end":{"line":84,"column":84}},"45":{"start":{"line":85,"column":12},"end":{"line":85,"column":32}},"46":{"start":{"line":87,"column":12},"end":{"line":87,"column":24}},"47":{"start":{"line":92,"column":8},"end":{"line":103,"column":9}},"48":{"start":{"line":93,"column":27},"end":{"line":93,"column":48}},"49":{"start":{"line":94,"column":12},"end":{"line":96,"column":13}},"50":{"start":{"line":95,"column":16},"end":{"line":95,"column":73}},"51":{"start":{"line":98,"column":35},"end":{"line":98,"column":45}},"52":{"start":{"line":99,"column":30},"end":{"line":99,"column":78}},"53":{"start":{"line":100,"column":12},"end":{"line":100,"column":32}},"54":{"start":{"line":102,"column":12},"end":{"line":102,"column":24}},"55":{"start":{"line":107,"column":8},"end":{"line":112,"column":9}},"56":{"start":{"line":108,"column":26},"end":{"line":108,"column":67}},"57":{"start":{"line":109,"column":12},"end":{"line":109,"column":28}},"58":{"start":{"line":111,"column":12},"end":{"line":111,"column":24}},"59":{"start":{"line":116,"column":0},"end":{"line":116,"column":41}}},"fnMap":{"0":{"name":"(anonymous_0)","decl":{"start":{"line":6,"column":4},"end":{"line":6,"column":5}},"loc":{"start":{"line":6,"column":41},"end":{"line":14,"column":5}},"line":6},"1":{"name":"(anonymous_1)","decl":{"start":{"line":16,"column":4},"end":{"line":16,"column":5}},"loc":{"start":{"line":16,"column":41},"end":{"line":29,"column":5}},"line":16},"2":{"name":"(anonymous_2)","decl":{"start":{"line":31,"column":4},"end":{"line":31,"column":5}},"loc":{"start":{"line":31,"column":46},"end":{"line":44,"column":5}},"line":31},"3":{"name":"(anonymous_3)","decl":{"start":{"line":46,"column":4},"end":{"line":46,"column":5}},"loc":{"start":{"line":46,"column":39},"end":{"line":58,"column":5}},"line":46},"4":{"name":"(anonymous_4)","decl":{"start":{"line":60,"column":4},"end":{"line":60,"column":5}},"loc":{"start":{"line":60,"column":44},"end":{"line":73,"column":5}},"line":60},"5":{"name":"(anonymous_5)","decl":{"start":{"line":75,"column":4},"end":{"line":75,"column":5}},"loc":{"start":{"line":75,"column":40},"end":{"line":89,"column":5}},"line":75},"6":{"name":"(anonymous_6)","decl":{"start":{"line":91,"column":4},"end":{"line":91,"column":5}},"loc":{"start":{"line":91,"column":42},"end":{"line":104,"column":5}},"line":91},"7":{"name":"(anonymous_7)","decl":{"start":{"line":106,"column":4},"end":{"line":106,"column":5}},"loc":{"start":{"line":106,"column":45},"end":{"line":113,"column":5}},"line":106}},"branchMap":{"0":{"loc":{"start":{"line":19,"column":12},"end":{"line":21,"column":13}},"type":"if","locations":[{"start":{"line":19,"column":12},"end":{"line":21,"column":13}},{"start":{},"end":{}}],"line":19},"1":{"loc":{"start":{"line":34,"column":12},"end":{"line":36,"column":13}},"type":"if","locations":[{"start":{"line":34,"column":12},"end":{"line":36,"column":13}},{"start":{},"end":{}}],"line":34},"2":{"loc":{"start":{"line":49,"column":12},"end":{"line":51,"column":13}},"type":"if","locations":[{"start":{"line":49,"column":12},"end":{"line":51,"column":13}},{"start":{},"end":{}}],"line":49},"3":{"loc":{"start":{"line":63,"column":12},"end":{"line":65,"column":13}},"type":"if","locations":[{"start":{"line":63,"column":12},"end":{"line":65,"column":13}},{"start":{},"end":{}}],"line":63},"4":{"loc":{"start":{"line":78,"column":12},"end":{"line":80,"column":13}},"type":"if","locations":[{"start":{"line":78,"column":12},"end":{"line":80,"column":13}},{"start":{},"end":{}}],"line":78},"5":{"loc":{"start":{"line":94,"column":12},"end":{"line":96,"column":13}},"type":"if","locations":[{"start":{"line":94,"column":12},"end":{"line":96,"column":13}},{"start":{},"end":{}}],"line":94}},"s":{"0":1,"1":1,"2":1,"3":1,"4":1,"5":1,"6":0,"7":1,"8":1,"9":1,"10":0,"11":1,"12":1,"13":1,"14":0,"15":1,"16":1,"17":1,"18":0,"19":1,"20":1,"21":1,"22":0,"23":3,"24":3,"25":3,"26":0,"27":3,"28":1,"29":2,"30":1,"31":1,"32":1,"33":0,"34":1,"35":1,"36":1,"37":0,"38":1,"39":1,"40":1,"41":0,"42":1,"43":1,"44":1,"45":1,"46":0,"47":2,"48":2,"49":2,"50":0,"51":2,"52":2,"53":1,"54":1,"55":0,"56":0,"57":0,"58":0,"59":1},"f":{"0":1,"1":1,"2":1,"3":3,"4":1,"5":1,"6":2,"7":0},"b":{"0":[0,1],"1":[0,1],"2":[0,3],"3":[0,1],"4":[0,1],"5":[0,2]},"_coverageSchema":"1a1c01bbd47fc00a2c39e90264f33305004495a9","hash":"8c00d7d903e98ca26f9448a104e9875cf0177a06"}
,"D:\\proyecto\\proyecto\\feriazag-api-backend\\controllers\\compra.controller.js": {"path":"D:\\proyecto\\proyecto\\feriazag-api-backend\\controllers\\compra.controller.js","statementMap":{"0":{"start":{"line":2,"column":22},"end":{"line":2,"column":59}},"1":{"start":{"line":5,"column":29},"end":{"line":5,"column":57}},"2":{"start":{"line":23,"column":8},"end":{"line":32,"column":9}},"3":{"start":{"line":25,"column":28},"end":{"line":25,"column":63}},"4":{"start":{"line":28,"column":12},"end":{"line":28,"column":30}},"5":{"start":{"line":31,"column":12},"end":{"line":31,"column":24}},"6":{"start":{"line":44,"column":8},"end":{"line":56,"column":9}},"7":{"start":{"line":46,"column":27},"end":{"line":46,"column":37}},"8":{"start":{"line":49,"column":30},"end":{"line":49,"column":72}},"9":{"start":{"line":52,"column":12},"end":{"line":52,"column":32}},"10":{"start":{"line":55,"column":12},"end":{"line":55,"column":24}},"11":{"start":{"line":68,"column":8},"end":{"line":86,"column":9}},"12":{"start":{"line":70,"column":27},"end":{"line":70,"column":48}},"13":{"start":{"line":71,"column":12},"end":{"line":74,"column":13}},"14":{"start":{"line":73,"column":16},"end":{"line":73,"column":73}},"15":{"start":{"line":77,"column":27},"end":{"line":77,"column":37}},"16":{"start":{"line":80,"column":27},"end":{"line":80,"column":69}},"17":{"start":{"line":83,"column":12},"end":{"line":83,"column":29}},"18":{"start":{"line":85,"column":12},"end":{"line":85,"column":24}},"19":{"start":{"line":98,"column":8},"end":{"line":124,"column":9}},"20":{"start":{"line":100,"column":27},"end":{"line":100,"column":48}},"21":{"start":{"line":101,"column":12},"end":{"line":107,"column":13}},"22":{"start":{"line":103,"column":16},"end":{"line":106,"column":19}},"23":{"start":{"line":111,"column":27},"end":{"line":111,"column":50}},"24":{"start":{"line":115,"column":30},"end":{"line":115,"column":79}},"25":{"start":{"line":118,"column":12},"end":{"line":118,"column":44}},"26":{"start":{"line":122,"column":12},"end":{"line":122,"column":66}},"27":{"start":{"line":123,"column":12},"end":{"line":123,"column":61}},"28":{"start":{"line":135,"column":8},"end":{"line":147,"column":9}},"29":{"start":{"line":137,"column":33},"end":{"line":137,"column":43}},"30":{"start":{"line":140,"column":30},"end":{"line":140,"column":82}},"31":{"start":{"line":143,"column":12},"end":{"line":143,"column":32}},"32":{"start":{"line":146,"column":12},"end":{"line":146,"column":59}},"33":{"start":{"line":159,"column":8},"end":{"line":167,"column":9}},"34":{"start":{"line":161,"column":32},"end":{"line":161,"column":78}},"35":{"start":{"line":164,"column":12},"end":{"line":164,"column":34}},"36":{"start":{"line":166,"column":12},"end":{"line":166,"column":24}},"37":{"start":{"line":179,"column":8},"end":{"line":187,"column":9}},"38":{"start":{"line":181,"column":30},"end":{"line":181,"column":74}},"39":{"start":{"line":184,"column":12},"end":{"line":184,"column":32}},"40":{"start":{"line":186,"column":12},"end":{"line":186,"column":24}},"41":{"start":{"line":193,"column":0},"end":{"line":193,"column":40}}},"fnMap":{"0":{"name":"(anonymous_0)","decl":{"start":{"line":22,"column":4},"end":{"line":22,"column":5}},"loc":{"start":{"line":22,"column":40},"end":{"line":33,"column":5}},"line":22},"1":{"name":"(anonymous_1)","decl":{"start":{"line":43,"column":4},"end":{"line":43,"column":5}},"loc":{"start":{"line":43,"column":45},"end":{"line":57,"column":5}},"line":43},"2":{"name":"(anonymous_2)","decl":{"start":{"line":67,"column":4},"end":{"line":67,"column":5}},"loc":{"start":{"line":67,"column":45},"end":{"line":87,"column":5}},"line":67},"3":{"name":"(anonymous_3)","decl":{"start":{"line":97,"column":4},"end":{"line":97,"column":5}},"loc":{"start":{"line":97,"column":38},"end":{"line":125,"column":5}},"line":97},"4":{"name":"(anonymous_4)","decl":{"start":{"line":134,"column":4},"end":{"line":134,"column":5}},"loc":{"start":{"line":134,"column":41},"end":{"line":148,"column":5}},"line":134},"5":{"name":"(anonymous_5)","decl":{"start":{"line":158,"column":4},"end":{"line":158,"column":5}},"loc":{"start":{"line":158,"column":51},"end":{"line":168,"column":5}},"line":158},"6":{"name":"(anonymous_6)","decl":{"start":{"line":178,"column":4},"end":{"line":178,"column":5}},"loc":{"start":{"line":178,"column":49},"end":{"line":188,"column":5}},"line":178}},"branchMap":{"0":{"loc":{"start":{"line":71,"column":12},"end":{"line":74,"column":13}},"type":"if","locations":[{"start":{"line":71,"column":12},"end":{"line":74,"column":13}},{"start":{},"end":{}}],"line":71},"1":{"loc":{"start":{"line":101,"column":12},"end":{"line":107,"column":13}},"type":"if","locations":[{"start":{"line":101,"column":12},"end":{"line":107,"column":13}},{"start":{},"end":{}}],"line":101}},"s":{"0":1,"1":1,"2":2,"3":2,"4":2,"5":0,"6":0,"7":0,"8":0,"9":0,"10":0,"11":1,"12":1,"13":1,"14":0,"15":1,"16":1,"17":1,"18":0,"19":6,"20":6,"21":6,"22":0,"23":6,"24":6,"25":3,"26":3,"27":3,"28":0,"29":0,"30":0,"31":0,"32":0,"33":0,"34":0,"35":0,"36":0,"37":0,"38":0,"39":0,"40":0,"41":1},"f":{"0":2,"1":0,"2":1,"3":6,"4":0,"5":0,"6":0},"b":{"0":[0,1],"1":[0,6]},"_coverageSchema":"1a1c01bbd47fc00a2c39e90264f33305004495a9","hash":"0f092de5affefd1db9b023463f0233763ee61e6f"}
,"D:\\proyecto\\proyecto\\feriazag-api-backend\\controllers\\local.controller.js": {"path":"D:\\proyecto\\proyecto\\feriazag-api-backend\\controllers\\local.controller.js","statementMap":{"0":{"start":{"line":1,"column":21},"end":{"line":1,"column":57}},"1":{"start":{"line":5,"column":8},"end":{"line":14,"column":9}},"2":{"start":{"line":6,"column":30},"end":{"line":6,"column":52}},"3":{"start":{"line":7,"column":26},"end":{"line":7,"column":70}},"4":{"start":{"line":8,"column":12},"end":{"line":10,"column":13}},"5":{"start":{"line":9,"column":16},"end":{"line":9,"column":91}},"6":{"start":{"line":11,"column":12},"end":{"line":11,"column":28}},"7":{"start":{"line":13,"column":12},"end":{"line":13,"column":24}},"8":{"start":{"line":18,"column":8},"end":{"line":24,"column":9}},"9":{"start":{"line":19,"column":30},"end":{"line":19,"column":52}},"10":{"start":{"line":20,"column":28},"end":{"line":20,"column":77}},"11":{"start":{"line":21,"column":12},"end":{"line":21,"column":30}},"12":{"start":{"line":23,"column":12},"end":{"line":23,"column":24}},"13":{"start":{"line":28,"column":8},"end":{"line":35,"column":9}},"14":{"start":{"line":29,"column":32},"end":{"line":29,"column":42}},"15":{"start":{"line":30,"column":30},"end":{"line":30,"column":52}},"16":{"start":{"line":31,"column":26},"end":{"line":31,"column":83}},"17":{"start":{"line":32,"column":12},"end":{"line":32,"column":28}},"18":{"start":{"line":34,"column":12},"end":{"line":34,"column":24}},"19":{"start":{"line":39,"column":8},"end":{"line":45,"column":9}},"20":{"start":{"line":40,"column":30},"end":{"line":40,"column":52}},"21":{"start":{"line":41,"column":33},"end":{"line":41,"column":83}},"22":{"start":{"line":42,"column":12},"end":{"line":42,"column":103}},"23":{"start":{"line":44,"column":12},"end":{"line":44,"column":24}},"24":{"start":{"line":49,"column":8},"end":{"line":55,"column":9}},"25":{"start":{"line":50,"column":33},"end":{"line":50,"column":41}},"26":{"start":{"line":51,"column":12},"end":{"line":51,"column":67}},"27":{"start":{"line":52,"column":12},"end":{"line":52,"column":84}},"28":{"start":{"line":54,"column":12},"end":{"line":54,"column":24}},"29":{"start":{"line":59,"column":8},"end":{"line":66,"column":9}},"30":{"start":{"line":60,"column":32},"end":{"line":60,"column":42}},"31":{"start":{"line":61,"column":30},"end":{"line":61,"column":52}},"32":{"start":{"line":62,"column":12},"end":{"line":62,"column":65}},"33":{"start":{"line":63,"column":12},"end":{"line":63,"column":82}},"34":{"start":{"line":65,"column":12},"end":{"line":65,"column":24}},"35":{"start":{"line":70,"column":8},"end":{"line":75,"column":9}},"36":{"start":{"line":71,"column":28},"end":{"line":71,"column":60}},"37":{"start":{"line":72,"column":12},"end":{"line":72,"column":30}},"38":{"start":{"line":74,"column":12},"end":{"line":74,"column":24}},"39":{"start":{"line":79,"column":0},"end":{"line":79,"column":39}}},"fnMap":{"0":{"name":"(anonymous_0)","decl":{"start":{"line":4,"column":4},"end":{"line":4,"column":5}},"loc":{"start":{"line":4,"column":41},"end":{"line":15,"column":5}},"line":4},"1":{"name":"(anonymous_1)","decl":{"start":{"line":17,"column":4},"end":{"line":17,"column":5}},"loc":{"start":{"line":17,"column":46},"end":{"line":25,"column":5}},"line":17},"2":{"name":"(anonymous_2)","decl":{"start":{"line":27,"column":4},"end":{"line":27,"column":5}},"loc":{"start":{"line":27,"column":45},"end":{"line":36,"column":5}},"line":27},"3":{"name":"(anonymous_3)","decl":{"start":{"line":38,"column":4},"end":{"line":38,"column":5}},"loc":{"start":{"line":38,"column":37},"end":{"line":46,"column":5}},"line":38},"4":{"name":"(anonymous_4)","decl":{"start":{"line":48,"column":4},"end":{"line":48,"column":5}},"loc":{"start":{"line":48,"column":42},"end":{"line":56,"column":5}},"line":48},"5":{"name":"(anonymous_5)","decl":{"start":{"line":58,"column":4},"end":{"line":58,"column":5}},"loc":{"start":{"line":58,"column":40},"end":{"line":67,"column":5}},"line":58},"6":{"name":"(anonymous_6)","decl":{"start":{"line":69,"column":4},"end":{"line":69,"column":5}},"loc":{"start":{"line":69,"column":38},"end":{"line":76,"column":5}},"line":69}},"branchMap":{"0":{"loc":{"start":{"line":8,"column":12},"end":{"line":10,"column":13}},"type":"if","locations":[{"start":{"line":8,"column":12},"end":{"line":10,"column":13}},{"start":{},"end":{}}],"line":8}},"s":{"0":1,"1":2,"2":2,"3":2,"4":2,"5":1,"6":1,"7":0,"8":1,"9":1,"10":1,"11":1,"12":0,"13":1,"14":1,"15":1,"16":1,"17":1,"18":0,"19":2,"20":2,"21":2,"22":1,"23":1,"24":1,"25":1,"26":1,"27":1,"28":0,"29":2,"30":2,"31":2,"32":2,"33":1,"34":1,"35":0,"36":0,"37":0,"38":0,"39":1},"f":{"0":2,"1":1,"2":1,"3":2,"4":1,"5":2,"6":0},"b":{"0":[1,1]},"_coverageSchema":"1a1c01bbd47fc00a2c39e90264f33305004495a9","hash":"6b1ccbf55a1fc4687cead65ddbc8a4152fbc8010"}
,"D:\\proyecto\\proyecto\\feriazag-api-backend\\controllers\\producto.controller.js": {"path":"D:\\proyecto\\proyecto\\feriazag-api-backend\\controllers\\producto.controller.js","statementMap":{"0":{"start":{"line":1,"column":24},"end":{"line":1,"column":63}},"1":{"start":{"line":2,"column":29},"end":{"line":2,"column":57}},"2":{"start":{"line":13,"column":4},"end":{"line":28,"column":5}},"3":{"start":{"line":14,"column":21},"end":{"line":14,"column":42}},"4":{"start":{"line":15,"column":6},"end":{"line":17,"column":7}},"5":{"start":{"line":16,"column":8},"end":{"line":16,"column":65}},"6":{"start":{"line":20,"column":24},"end":{"line":20,"column":79}},"7":{"start":{"line":21,"column":6},"end":{"line":21,"column":38}},"8":{"start":{"line":23,"column":6},"end":{"line":23,"column":62}},"9":{"start":{"line":24,"column":6},"end":{"line":27,"column":9}},"10":{"start":{"line":38,"column":4},"end":{"line":57,"column":5}},"11":{"start":{"line":39,"column":21},"end":{"line":39,"column":42}},"12":{"start":{"line":40,"column":6},"end":{"line":42,"column":7}},"13":{"start":{"line":41,"column":8},"end":{"line":41,"column":65}},"14":{"start":{"line":43,"column":30},"end":{"line":43,"column":40}},"15":{"start":{"line":44,"column":24},"end":{"line":48,"column":7}},"16":{"start":{"line":50,"column":6},"end":{"line":50,"column":26}},"17":{"start":{"line":52,"column":6},"end":{"line":52,"column":59}},"18":{"start":{"line":53,"column":6},"end":{"line":56,"column":9}},"19":{"start":{"line":66,"column":4},"end":{"line":77,"column":5}},"20":{"start":{"line":67,"column":31},"end":{"line":67,"column":41}},"21":{"start":{"line":69,"column":6},"end":{"line":71,"column":7}},"22":{"start":{"line":70,"column":8},"end":{"line":70,"column":76}},"23":{"start":{"line":73,"column":21},"end":{"line":73,"column":82}},"24":{"start":{"line":74,"column":6},"end":{"line":74,"column":27}},"25":{"start":{"line":76,"column":6},"end":{"line":76,"column":18}},"26":{"start":{"line":81,"column":4},"end":{"line":86,"column":5}},"27":{"start":{"line":82,"column":24},"end":{"line":82,"column":72}},"28":{"start":{"line":83,"column":6},"end":{"line":83,"column":26}},"29":{"start":{"line":85,"column":6},"end":{"line":85,"column":18}},"30":{"start":{"line":90,"column":4},"end":{"line":95,"column":5}},"31":{"start":{"line":91,"column":24},"end":{"line":91,"column":85}},"32":{"start":{"line":92,"column":6},"end":{"line":92,"column":26}},"33":{"start":{"line":94,"column":6},"end":{"line":94,"column":18}},"34":{"start":{"line":99,"column":4},"end":{"line":105,"column":5}},"35":{"start":{"line":100,"column":22},"end":{"line":100,"column":44}},"36":{"start":{"line":101,"column":24},"end":{"line":101,"column":79}},"37":{"start":{"line":102,"column":6},"end":{"line":102,"column":26}},"38":{"start":{"line":104,"column":6},"end":{"line":104,"column":18}},"39":{"start":{"line":109,"column":4},"end":{"line":116,"column":5}},"40":{"start":{"line":110,"column":26},"end":{"line":110,"column":36}},"41":{"start":{"line":111,"column":24},"end":{"line":111,"column":79}},"42":{"start":{"line":112,"column":6},"end":{"line":112,"column":26}},"43":{"start":{"line":114,"column":6},"end":{"line":114,"column":65}},"44":{"start":{"line":115,"column":6},"end":{"line":115,"column":18}},"45":{"start":{"line":120,"column":4},"end":{"line":125,"column":5}},"46":{"start":{"line":121,"column":24},"end":{"line":121,"column":71}},"47":{"start":{"line":122,"column":6},"end":{"line":122,"column":26}},"48":{"start":{"line":124,"column":6},"end":{"line":124,"column":18}},"49":{"start":{"line":129,"column":4},"end":{"line":135,"column":5}},"50":{"start":{"line":130,"column":22},"end":{"line":130,"column":44}},"51":{"start":{"line":131,"column":24},"end":{"line":131,"column":79}},"52":{"start":{"line":132,"column":6},"end":{"line":132,"column":26}},"53":{"start":{"line":134,"column":6},"end":{"line":134,"column":18}},"54":{"start":{"line":139,"column":4},"end":{"line":145,"column":5}},"55":{"start":{"line":140,"column":22},"end":{"line":140,"column":44}},"56":{"start":{"line":141,"column":24},"end":{"line":141,"column":81}},"57":{"start":{"line":142,"column":6},"end":{"line":142,"column":26}},"58":{"start":{"line":144,"column":6},"end":{"line":144,"column":18}},"59":{"start":{"line":149,"column":4},"end":{"line":155,"column":5}},"60":{"start":{"line":150,"column":22},"end":{"line":150,"column":44}},"61":{"start":{"line":151,"column":24},"end":{"line":151,"column":80}},"62":{"start":{"line":152,"column":6},"end":{"line":152,"column":26}},"63":{"start":{"line":154,"column":6},"end":{"line":154,"column":18}},"64":{"start":{"line":159,"column":4},"end":{"line":165,"column":5}},"65":{"start":{"line":160,"column":26},"end":{"line":160,"column":36}},"66":{"start":{"line":161,"column":24},"end":{"line":161,"column":82}},"67":{"start":{"line":162,"column":6},"end":{"line":162,"column":26}},"68":{"start":{"line":164,"column":6},"end":{"line":164,"column":18}},"69":{"start":{"line":171,"column":4},"end":{"line":182,"column":5}},"70":{"start":{"line":172,"column":21},"end":{"line":172,"column":42}},"71":{"start":{"line":173,"column":6},"end":{"line":175,"column":7}},"72":{"start":{"line":174,"column":8},"end":{"line":174,"column":65}},"73":{"start":{"line":177,"column":30},"end":{"line":177,"column":40}},"74":{"start":{"line":178,"column":24},"end":{"line":178,"column":74}},"75":{"start":{"line":179,"column":6},"end":{"line":179,"column":26}},"76":{"start":{"line":181,"column":6},"end":{"line":181,"column":18}},"77":{"start":{"line":186,"column":4},"end":{"line":197,"column":5}},"78":{"start":{"line":187,"column":21},"end":{"line":187,"column":42}},"79":{"start":{"line":188,"column":6},"end":{"line":190,"column":7}},"80":{"start":{"line":189,"column":8},"end":{"line":189,"column":65}},"81":{"start":{"line":192,"column":30},"end":{"line":192,"column":40}},"82":{"start":{"line":193,"column":24},"end":{"line":193,"column":77}},"83":{"start":{"line":194,"column":6},"end":{"line":194,"column":26}},"84":{"start":{"line":196,"column":6},"end":{"line":196,"column":18}},"85":{"start":{"line":203,"column":4},"end":{"line":215,"column":5}},"86":{"start":{"line":204,"column":21},"end":{"line":204,"column":42}},"87":{"start":{"line":205,"column":6},"end":{"line":207,"column":7}},"88":{"start":{"line":206,"column":8},"end":{"line":206,"column":65}},"89":{"start":{"line":209,"column":30},"end":{"line":209,"column":40}},"90":{"start":{"line":210,"column":21},"end":{"line":210,"column":44}},"91":{"start":{"line":211,"column":20},"end":{"line":211,"column":88}},"92":{"start":{"line":212,"column":6},"end":{"line":212,"column":22}},"93":{"start":{"line":214,"column":6},"end":{"line":214,"column":18}},"94":{"start":{"line":219,"column":4},"end":{"line":230,"column":5}},"95":{"start":{"line":220,"column":21},"end":{"line":220,"column":42}},"96":{"start":{"line":221,"column":6},"end":{"line":223,"column":7}},"97":{"start":{"line":222,"column":8},"end":{"line":222,"column":65}},"98":{"start":{"line":225,"column":30},"end":{"line":225,"column":40}},"99":{"start":{"line":226,"column":20},"end":{"line":226,"column":82}},"100":{"start":{"line":227,"column":6},"end":{"line":227,"column":22}},"101":{"start":{"line":229,"column":6},"end":{"line":229,"column":18}},"102":{"start":{"line":234,"column":4},"end":{"line":244,"column":5}},"103":{"start":{"line":235,"column":21},"end":{"line":235,"column":42}},"104":{"start":{"line":236,"column":6},"end":{"line":238,"column":7}},"105":{"start":{"line":237,"column":8},"end":{"line":237,"column":65}},"106":{"start":{"line":240,"column":24},"end":{"line":240,"column":71}},"107":{"start":{"line":241,"column":6},"end":{"line":241,"column":26}},"108":{"start":{"line":243,"column":6},"end":{"line":243,"column":18}},"109":{"start":{"line":248,"column":4},"end":{"line":258,"column":5}},"110":{"start":{"line":249,"column":21},"end":{"line":249,"column":42}},"111":{"start":{"line":250,"column":6},"end":{"line":252,"column":7}},"112":{"start":{"line":251,"column":8},"end":{"line":251,"column":65}},"113":{"start":{"line":254,"column":24},"end":{"line":254,"column":77}},"114":{"start":{"line":255,"column":6},"end":{"line":255,"column":26}},"115":{"start":{"line":257,"column":6},"end":{"line":257,"column":18}},"116":{"start":{"line":262,"column":4},"end":{"line":273,"column":5}},"117":{"start":{"line":263,"column":21},"end":{"line":263,"column":42}},"118":{"start":{"line":264,"column":6},"end":{"line":266,"column":7}},"119":{"start":{"line":265,"column":8},"end":{"line":265,"column":65}},"120":{"start":{"line":268,"column":40},"end":{"line":268,"column":50}},"121":{"start":{"line":269,"column":24},"end":{"line":269,"column":94}},"122":{"start":{"line":270,"column":6},"end":{"line":270,"column":26}},"123":{"start":{"line":272,"column":6},"end":{"line":272,"column":18}},"124":{"start":{"line":279,"column":4},"end":{"line":285,"column":5}},"125":{"start":{"line":280,"column":27},"end":{"line":280,"column":36}},"126":{"start":{"line":281,"column":24},"end":{"line":281,"column":71}},"127":{"start":{"line":282,"column":6},"end":{"line":282,"column":26}},"128":{"start":{"line":284,"column":6},"end":{"line":284,"column":18}},"129":{"start":{"line":291,"column":4},"end":{"line":297,"column":5}},"130":{"start":{"line":292,"column":21},"end":{"line":292,"column":44}},"131":{"start":{"line":293,"column":25},"end":{"line":293,"column":79}},"132":{"start":{"line":294,"column":6},"end":{"line":294,"column":27}},"133":{"start":{"line":296,"column":6},"end":{"line":296,"column":18}},"134":{"start":{"line":301,"column":0},"end":{"line":301,"column":42}}},"fnMap":{"0":{"name":"(anonymous_0)","decl":{"start":{"line":12,"column":2},"end":{"line":12,"column":3}},"loc":{"start":{"line":12,"column":38},"end":{"line":29,"column":3}},"line":12},"1":{"name":"(anonymous_1)","decl":{"start":{"line":37,"column":2},"end":{"line":37,"column":3}},"loc":{"start":{"line":37,"column":43},"end":{"line":58,"column":3}},"line":37},"2":{"name":"(anonymous_2)","decl":{"start":{"line":65,"column":2},"end":{"line":65,"column":3}},"loc":{"start":{"line":65,"column":46},"end":{"line":78,"column":3}},"line":65},"3":{"name":"(anonymous_3)","decl":{"start":{"line":80,"column":2},"end":{"line":80,"column":3}},"loc":{"start":{"line":80,"column":49},"end":{"line":87,"column":3}},"line":80},"4":{"name":"(anonymous_4)","decl":{"start":{"line":89,"column":2},"end":{"line":89,"column":3}},"loc":{"start":{"line":89,"column":62},"end":{"line":96,"column":3}},"line":89},"5":{"name":"(anonymous_5)","decl":{"start":{"line":98,"column":2},"end":{"line":98,"column":3}},"loc":{"start":{"line":98,"column":49},"end":{"line":106,"column":3}},"line":98},"6":{"name":"(anonymous_6)","decl":{"start":{"line":108,"column":2},"end":{"line":108,"column":3}},"loc":{"start":{"line":108,"column":49},"end":{"line":117,"column":3}},"line":108},"7":{"name":"(anonymous_7)","decl":{"start":{"line":119,"column":2},"end":{"line":119,"column":3}},"loc":{"start":{"line":119,"column":48},"end":{"line":126,"column":3}},"line":119},"8":{"name":"(anonymous_8)","decl":{"start":{"line":128,"column":2},"end":{"line":128,"column":3}},"loc":{"start":{"line":128,"column":49},"end":{"line":136,"column":3}},"line":128},"9":{"name":"(anonymous_9)","decl":{"start":{"line":138,"column":2},"end":{"line":138,"column":3}},"loc":{"start":{"line":138,"column":51},"end":{"line":146,"column":3}},"line":138},"10":{"name":"(anonymous_10)","decl":{"start":{"line":148,"column":2},"end":{"line":148,"column":3}},"loc":{"start":{"line":148,"column":50},"end":{"line":156,"column":3}},"line":148},"11":{"name":"(anonymous_11)","decl":{"start":{"line":158,"column":2},"end":{"line":158,"column":3}},"loc":{"start":{"line":158,"column":52},"end":{"line":166,"column":3}},"line":158},"12":{"name":"(anonymous_12)","decl":{"start":{"line":170,"column":2},"end":{"line":170,"column":3}},"loc":{"start":{"line":170,"column":40},"end":{"line":183,"column":3}},"line":170},"13":{"name":"(anonymous_13)","decl":{"start":{"line":185,"column":2},"end":{"line":185,"column":3}},"loc":{"start":{"line":185,"column":43},"end":{"line":198,"column":3}},"line":185},"14":{"name":"(anonymous_14)","decl":{"start":{"line":202,"column":2},"end":{"line":202,"column":3}},"loc":{"start":{"line":202,"column":50},"end":{"line":216,"column":3}},"line":202},"15":{"name":"(anonymous_15)","decl":{"start":{"line":218,"column":2},"end":{"line":218,"column":3}},"loc":{"start":{"line":218,"column":52},"end":{"line":231,"column":3}},"line":218},"16":{"name":"(anonymous_16)","decl":{"start":{"line":233,"column":2},"end":{"line":233,"column":3}},"loc":{"start":{"line":233,"column":40},"end":{"line":245,"column":3}},"line":233},"17":{"name":"(anonymous_17)","decl":{"start":{"line":247,"column":2},"end":{"line":247,"column":3}},"loc":{"start":{"line":247,"column":46},"end":{"line":259,"column":3}},"line":247},"18":{"name":"(anonymous_18)","decl":{"start":{"line":261,"column":2},"end":{"line":261,"column":3}},"loc":{"start":{"line":261,"column":50},"end":{"line":274,"column":3}},"line":261},"19":{"name":"(anonymous_19)","decl":{"start":{"line":278,"column":2},"end":{"line":278,"column":3}},"loc":{"start":{"line":278,"column":40},"end":{"line":286,"column":3}},"line":278},"20":{"name":"(anonymous_20)","decl":{"start":{"line":290,"column":2},"end":{"line":290,"column":3}},"loc":{"start":{"line":290,"column":49},"end":{"line":298,"column":3}},"line":290}},"branchMap":{"0":{"loc":{"start":{"line":15,"column":6},"end":{"line":17,"column":7}},"type":"if","locations":[{"start":{"line":15,"column":6},"end":{"line":17,"column":7}},{"start":{},"end":{}}],"line":15},"1":{"loc":{"start":{"line":40,"column":6},"end":{"line":42,"column":7}},"type":"if","locations":[{"start":{"line":40,"column":6},"end":{"line":42,"column":7}},{"start":{},"end":{}}],"line":40},"2":{"loc":{"start":{"line":69,"column":6},"end":{"line":71,"column":7}},"type":"if","locations":[{"start":{"line":69,"column":6},"end":{"line":71,"column":7}},{"start":{},"end":{}}],"line":69},"3":{"loc":{"start":{"line":100,"column":22},"end":{"line":100,"column":44}},"type":"binary-expr","locations":[{"start":{"line":100,"column":22},"end":{"line":100,"column":39}},{"start":{"line":100,"column":43},"end":{"line":100,"column":44}}],"line":100},"4":{"loc":{"start":{"line":130,"column":22},"end":{"line":130,"column":44}},"type":"binary-expr","locations":[{"start":{"line":130,"column":22},"end":{"line":130,"column":39}},{"start":{"line":130,"column":43},"end":{"line":130,"column":44}}],"line":130},"5":{"loc":{"start":{"line":140,"column":22},"end":{"line":140,"column":44}},"type":"binary-expr","locations":[{"start":{"line":140,"column":22},"end":{"line":140,"column":39}},{"start":{"line":140,"column":43},"end":{"line":140,"column":44}}],"line":140},"6":{"loc":{"start":{"line":150,"column":22},"end":{"line":150,"column":44}},"type":"binary-expr","locations":[{"start":{"line":150,"column":22},"end":{"line":150,"column":39}},{"start":{"line":150,"column":43},"end":{"line":150,"column":44}}],"line":150},"7":{"loc":{"start":{"line":173,"column":6},"end":{"line":175,"column":7}},"type":"if","locations":[{"start":{"line":173,"column":6},"end":{"line":175,"column":7}},{"start":{},"end":{}}],"line":173},"8":{"loc":{"start":{"line":188,"column":6},"end":{"line":190,"column":7}},"type":"if","locations":[{"start":{"line":188,"column":6},"end":{"line":190,"column":7}},{"start":{},"end":{}}],"line":188},"9":{"loc":{"start":{"line":205,"column":6},"end":{"line":207,"column":7}},"type":"if","locations":[{"start":{"line":205,"column":6},"end":{"line":207,"column":7}},{"start":{},"end":{}}],"line":205},"10":{"loc":{"start":{"line":221,"column":6},"end":{"line":223,"column":7}},"type":"if","locations":[{"start":{"line":221,"column":6},"end":{"line":223,"column":7}},{"start":{},"end":{}}],"line":221},"11":{"loc":{"start":{"line":236,"column":6},"end":{"line":238,"column":7}},"type":"if","locations":[{"start":{"line":236,"column":6},"end":{"line":238,"column":7}},{"start":{},"end":{}}],"line":236},"12":{"loc":{"start":{"line":250,"column":6},"end":{"line":252,"column":7}},"type":"if","locations":[{"start":{"line":250,"column":6},"end":{"line":252,"column":7}},{"start":{},"end":{}}],"line":250},"13":{"loc":{"start":{"line":264,"column":6},"end":{"line":266,"column":7}},"type":"if","locations":[{"start":{"line":264,"column":6},"end":{"line":266,"column":7}},{"start":{},"end":{}}],"line":264}},"s":{"0":1,"1":1,"2":2,"3":2,"4":2,"5":0,"6":2,"7":1,"8":1,"9":1,"10":3,"11":3,"12":3,"13":0,"14":3,"15":3,"16":3,"17":0,"18":0,"19":0,"20":0,"21":0,"22":0,"23":0,"24":0,"25":0,"26":3,"27":3,"28":2,"29":1,"30":0,"31":0,"32":0,"33":0,"34":2,"35":2,"36":2,"37":2,"38":0,"39":1,"40":1,"41":1,"42":1,"43":0,"44":0,"45":0,"46":0,"47":0,"48":0,"49":1,"50":1,"51":1,"52":1,"53":0,"54":1,"55":1,"56":1,"57":1,"58":0,"59":1,"60":1,"61":1,"62":1,"63":0,"64":1,"65":1,"66":1,"67":1,"68":0,"69":0,"70":0,"71":0,"72":0,"73":0,"74":0,"75":0,"76":0,"77":0,"78":0,"79":0,"80":0,"81":0,"82":0,"83":0,"84":0,"85":2,"86":2,"87":2,"88":0,"89":2,"90":2,"91":2,"92":2,"93":0,"94":0,"95":0,"96":0,"97":0,"98":0,"99":0,"100":0,"101":0,"102":1,"103":1,"104":1,"105":0,"106":1,"107":1,"108":0,"109":1,"110":1,"111":1,"112":0,"113":1,"114":1,"115":0,"116":0,"117":0,"118":0,"119":0,"120":0,"121":0,"122":0,"123":0,"124":0,"125":0,"126":0,"127":0,"128":0,"129":2,"130":2,"131":2,"132":2,"133":0,"134":1},"f":{"0":2,"1":3,"2":0,"3":3,"4":0,"5":2,"6":1,"7":0,"8":1,"9":1,"10":1,"11":1,"12":0,"13":0,"14":2,"15":0,"16":1,"17":1,"18":0,"19":0,"20":2},"b":{"0":[0,2],"1":[0,3],"2":[0,0],"3":[2,1],"4":[1,1],"5":[1,1],"6":[1,1],"7":[0,0],"8":[0,0],"9":[0,2],"10":[0,0],"11":[0,1],"12":[0,1],"13":[0,0]},"_coverageSchema":"1a1c01bbd47fc00a2c39e90264f33305004495a9","hash":"f40f2db5f05fa7cf52966f6011c1f4928134599e"}
,"D:\\proyecto\\proyecto\\feriazag-api-backend\\controllers\\proveedor.controller.js": {"path":"D:\\proyecto\\proyecto\\feriazag-api-backend\\controllers\\proveedor.controller.js","statementMap":{"0":{"start":{"line":2,"column":25},"end":{"line":2,"column":65}},"1":{"start":{"line":5,"column":29},"end":{"line":5,"column":57}},"2":{"start":{"line":24,"column":8},"end":{"line":41,"column":9}},"3":{"start":{"line":26,"column":27},"end":{"line":26,"column":48}},"4":{"start":{"line":29,"column":12},"end":{"line":31,"column":13}},"5":{"start":{"line":30,"column":16},"end":{"line":30,"column":73}},"6":{"start":{"line":34,"column":30},"end":{"line":34,"column":77}},"7":{"start":{"line":37,"column":12},"end":{"line":37,"column":44}},"8":{"start":{"line":40,"column":12},"end":{"line":40,"column":24}},"9":{"start":{"line":53,"column":8},"end":{"line":72,"column":9}},"10":{"start":{"line":55,"column":27},"end":{"line":55,"column":48}},"11":{"start":{"line":58,"column":12},"end":{"line":60,"column":13}},"12":{"start":{"line":59,"column":16},"end":{"line":59,"column":73}},"13":{"start":{"line":63,"column":37},"end":{"line":63,"column":47}},"14":{"start":{"line":66,"column":30},"end":{"line":66,"column":96}},"15":{"start":{"line":69,"column":12},"end":{"line":69,"column":32}},"16":{"start":{"line":71,"column":12},"end":{"line":71,"column":24}},"17":{"start":{"line":84,"column":8},"end":{"line":92,"column":9}},"18":{"start":{"line":86,"column":32},"end":{"line":86,"column":74}},"19":{"start":{"line":89,"column":12},"end":{"line":89,"column":34}},"20":{"start":{"line":91,"column":12},"end":{"line":91,"column":24}},"21":{"start":{"line":104,"column":8},"end":{"line":112,"column":9}},"22":{"start":{"line":106,"column":32},"end":{"line":106,"column":70}},"23":{"start":{"line":109,"column":12},"end":{"line":109,"column":34}},"24":{"start":{"line":111,"column":12},"end":{"line":111,"column":24}},"25":{"start":{"line":124,"column":8},"end":{"line":143,"column":9}},"26":{"start":{"line":126,"column":27},"end":{"line":126,"column":48}},"27":{"start":{"line":129,"column":12},"end":{"line":131,"column":13}},"28":{"start":{"line":130,"column":16},"end":{"line":130,"column":73}},"29":{"start":{"line":134,"column":37},"end":{"line":134,"column":47}},"30":{"start":{"line":137,"column":30},"end":{"line":137,"column":88}},"31":{"start":{"line":140,"column":12},"end":{"line":140,"column":32}},"32":{"start":{"line":142,"column":12},"end":{"line":142,"column":24}},"33":{"start":{"line":154,"column":8},"end":{"line":175,"column":9}},"34":{"start":{"line":156,"column":37},"end":{"line":156,"column":47}},"35":{"start":{"line":159,"column":31},"end":{"line":159,"column":39}},"36":{"start":{"line":162,"column":30},"end":{"line":162,"column":88}},"37":{"start":{"line":165,"column":12},"end":{"line":168,"column":15}},"38":{"start":{"line":171,"column":12},"end":{"line":174,"column":15}},"39":{"start":{"line":187,"column":8},"end":{"line":206,"column":9}},"40":{"start":{"line":189,"column":27},"end":{"line":189,"column":48}},"41":{"start":{"line":192,"column":12},"end":{"line":194,"column":13}},"42":{"start":{"line":193,"column":16},"end":{"line":193,"column":73}},"43":{"start":{"line":197,"column":37},"end":{"line":197,"column":47}},"44":{"start":{"line":200,"column":30},"end":{"line":200,"column":84}},"45":{"start":{"line":203,"column":12},"end":{"line":203,"column":32}},"46":{"start":{"line":205,"column":12},"end":{"line":205,"column":24}},"47":{"start":{"line":212,"column":0},"end":{"line":212,"column":43}}},"fnMap":{"0":{"name":"(anonymous_0)","decl":{"start":{"line":23,"column":4},"end":{"line":23,"column":5}},"loc":{"start":{"line":23,"column":41},"end":{"line":42,"column":5}},"line":23},"1":{"name":"(anonymous_1)","decl":{"start":{"line":52,"column":4},"end":{"line":52,"column":5}},"loc":{"start":{"line":52,"column":46},"end":{"line":73,"column":5}},"line":52},"2":{"name":"(anonymous_2)","decl":{"start":{"line":83,"column":4},"end":{"line":83,"column":5}},"loc":{"start":{"line":83,"column":44},"end":{"line":93,"column":5}},"line":83},"3":{"name":"(anonymous_3)","decl":{"start":{"line":103,"column":4},"end":{"line":103,"column":5}},"loc":{"start":{"line":103,"column":51},"end":{"line":113,"column":5}},"line":103},"4":{"name":"(anonymous_4)","decl":{"start":{"line":123,"column":4},"end":{"line":123,"column":5}},"loc":{"start":{"line":123,"column":48},"end":{"line":144,"column":5}},"line":123},"5":{"name":"(anonymous_5)","decl":{"start":{"line":153,"column":4},"end":{"line":153,"column":5}},"loc":{"start":{"line":153,"column":43},"end":{"line":176,"column":5}},"line":153},"6":{"name":"(anonymous_6)","decl":{"start":{"line":186,"column":4},"end":{"line":186,"column":5}},"loc":{"start":{"line":186,"column":44},"end":{"line":207,"column":5}},"line":186}},"branchMap":{"0":{"loc":{"start":{"line":29,"column":12},"end":{"line":31,"column":13}},"type":"if","locations":[{"start":{"line":29,"column":12},"end":{"line":31,"column":13}},{"start":{},"end":{}}],"line":29},"1":{"loc":{"start":{"line":58,"column":12},"end":{"line":60,"column":13}},"type":"if","locations":[{"start":{"line":58,"column":12},"end":{"line":60,"column":13}},{"start":{},"end":{}}],"line":58},"2":{"loc":{"start":{"line":129,"column":12},"end":{"line":131,"column":13}},"type":"if","locations":[{"start":{"line":129,"column":12},"end":{"line":131,"column":13}},{"start":{},"end":{}}],"line":129},"3":{"loc":{"start":{"line":167,"column":38},"end":{"line":167,"column":82}},"type":"cond-expr","locations":[{"start":{"line":167,"column":56},"end":{"line":167,"column":66}},{"start":{"line":167,"column":69},"end":{"line":167,"column":82}}],"line":167},"4":{"loc":{"start":{"line":192,"column":12},"end":{"line":194,"column":13}},"type":"if","locations":[{"start":{"line":192,"column":12},"end":{"line":194,"column":13}},{"start":{},"end":{}}],"line":192}},"s":{"0":1,"1":1,"2":2,"3":2,"4":2,"5":0,"6":2,"7":1,"8":1,"9":2,"10":2,"11":2,"12":0,"13":2,"14":2,"15":1,"16":1,"17":2,"18":2,"19":2,"20":0,"21":1,"22":1,"23":1,"24":0,"25":0,"26":0,"27":0,"28":0,"29":0,"30":0,"31":0,"32":0,"33":2,"34":2,"35":2,"36":2,"37":1,"38":1,"39":0,"40":0,"41":0,"42":0,"43":0,"44":0,"45":0,"46":0,"47":1},"f":{"0":2,"1":2,"2":2,"3":1,"4":0,"5":2,"6":0},"b":{"0":[0,2],"1":[0,2],"2":[0,0],"3":[0,1],"4":[0,0]},"_coverageSchema":"1a1c01bbd47fc00a2c39e90264f33305004495a9","hash":"8cd955655d8353eab6d4e5ee261cc51ae28ad836"}
,"D:\\proyecto\\proyecto\\feriazag-api-backend\\controllers\\venta.controller.js": {"path":"D:\\proyecto\\proyecto\\feriazag-api-backend\\controllers\\venta.controller.js","statementMap":{"0":{"start":{"line":2,"column":21},"end":{"line":2,"column":57}},"1":{"start":{"line":5,"column":20},"end":{"line":5,"column":56}},"2":{"start":{"line":8,"column":23},"end":{"line":8,"column":60}},"3":{"start":{"line":26,"column":8},"end":{"line":35,"column":9}},"4":{"start":{"line":28,"column":30},"end":{"line":28,"column":66}},"5":{"start":{"line":31,"column":12},"end":{"line":31,"column":32}},"6":{"start":{"line":34,"column":12},"end":{"line":34,"column":24}},"7":{"start":{"line":47,"column":8},"end":{"line":57,"column":9}},"8":{"start":{"line":50,"column":27},"end":{"line":50,"column":70}},"9":{"start":{"line":53,"column":12},"end":{"line":53,"column":41}},"10":{"start":{"line":56,"column":12},"end":{"line":56,"column":24}},"11":{"start":{"line":68,"column":8},"end":{"line":119,"column":9}},"12":{"start":{"line":70,"column":36},"end":{"line":70,"column":44}},"13":{"start":{"line":73,"column":12},"end":{"line":77,"column":13}},"14":{"start":{"line":74,"column":16},"end":{"line":76,"column":19}},"15":{"start":{"line":80,"column":35},"end":{"line":80,"column":36}},"16":{"start":{"line":83,"column":37},"end":{"line":83,"column":39}},"17":{"start":{"line":86,"column":12},"end":{"line":107,"column":13}},"18":{"start":{"line":89,"column":33},"end":{"line":89,"column":80}},"19":{"start":{"line":93,"column":34},"end":{"line":93,"column":75}},"20":{"start":{"line":96,"column":16},"end":{"line":96,"column":52}},"21":{"start":{"line":99,"column":16},"end":{"line":106,"column":19}},"22":{"start":{"line":110,"column":12},"end":{"line":114,"column":15}},"23":{"start":{"line":117,"column":12},"end":{"line":117,"column":63}},"24":{"start":{"line":118,"column":12},"end":{"line":118,"column":61}},"25":{"start":{"line":131,"column":8},"end":{"line":149,"column":9}},"26":{"start":{"line":133,"column":39},"end":{"line":133,"column":48}},"27":{"start":{"line":136,"column":12},"end":{"line":140,"column":13}},"28":{"start":{"line":137,"column":16},"end":{"line":139,"column":19}},"29":{"start":{"line":143,"column":27},"end":{"line":143,"column":83}},"30":{"start":{"line":146,"column":12},"end":{"line":146,"column":29}},"31":{"start":{"line":148,"column":12},"end":{"line":148,"column":24}},"32":{"start":{"line":161,"column":8},"end":{"line":169,"column":9}},"33":{"start":{"line":163,"column":27},"end":{"line":163,"column":65}},"34":{"start":{"line":166,"column":12},"end":{"line":166,"column":29}},"35":{"start":{"line":168,"column":12},"end":{"line":168,"column":24}},"36":{"start":{"line":181,"column":8},"end":{"line":192,"column":9}},"37":{"start":{"line":183,"column":28},"end":{"line":183,"column":50}},"38":{"start":{"line":186,"column":26},"end":{"line":186,"column":75}},"39":{"start":{"line":189,"column":12},"end":{"line":189,"column":28}},"40":{"start":{"line":191,"column":12},"end":{"line":191,"column":24}},"41":{"start":{"line":204,"column":8},"end":{"line":215,"column":9}},"42":{"start":{"line":206,"column":23},"end":{"line":206,"column":69}},"43":{"start":{"line":209,"column":12},"end":{"line":212,"column":15}},"44":{"start":{"line":214,"column":12},"end":{"line":214,"column":24}},"45":{"start":{"line":227,"column":8},"end":{"line":235,"column":9}},"46":{"start":{"line":229,"column":30},"end":{"line":229,"column":71}},"47":{"start":{"line":232,"column":12},"end":{"line":232,"column":32}},"48":{"start":{"line":234,"column":12},"end":{"line":234,"column":24}},"49":{"start":{"line":247,"column":8},"end":{"line":258,"column":9}},"50":{"start":{"line":249,"column":36},"end":{"line":249,"column":45}},"51":{"start":{"line":252,"column":28},"end":{"line":252,"column":79}},"52":{"start":{"line":255,"column":12},"end":{"line":255,"column":30}},"53":{"start":{"line":257,"column":12},"end":{"line":257,"column":24}},"54":{"start":{"line":270,"column":8},"end":{"line":286,"column":9}},"55":{"start":{"line":272,"column":76},"end":{"line":272,"column":84}},"56":{"start":{"line":275,"column":30},"end":{"line":280,"column":13}},"57":{"start":{"line":283,"column":12},"end":{"line":283,"column":32}},"58":{"start":{"line":285,"column":12},"end":{"line":285,"column":24}},"59":{"start":{"line":298,"column":8},"end":{"line":306,"column":9}},"60":{"start":{"line":300,"column":27},"end":{"line":300,"column":69}},"61":{"start":{"line":303,"column":12},"end":{"line":303,"column":29}},"62":{"start":{"line":305,"column":12},"end":{"line":305,"column":24}},"63":{"start":{"line":318,"column":8},"end":{"line":329,"column":9}},"64":{"start":{"line":320,"column":32},"end":{"line":320,"column":54}},"65":{"start":{"line":323,"column":27},"end":{"line":323,"column":77}},"66":{"start":{"line":326,"column":12},"end":{"line":326,"column":41}},"67":{"start":{"line":328,"column":12},"end":{"line":328,"column":24}},"68":{"start":{"line":341,"column":8},"end":{"line":352,"column":9}},"69":{"start":{"line":343,"column":39},"end":{"line":343,"column":48}},"70":{"start":{"line":346,"column":28},"end":{"line":346,"column":83}},"71":{"start":{"line":349,"column":12},"end":{"line":349,"column":30}},"72":{"start":{"line":351,"column":12},"end":{"line":351,"column":24}},"73":{"start":{"line":357,"column":0},"end":{"line":357,"column":39}}},"fnMap":{"0":{"name":"(anonymous_0)","decl":{"start":{"line":25,"column":4},"end":{"line":25,"column":5}},"loc":{"start":{"line":25,"column":42},"end":{"line":36,"column":5}},"line":25},"1":{"name":"(anonymous_1)","decl":{"start":{"line":46,"column":4},"end":{"line":46,"column":5}},"loc":{"start":{"line":46,"column":41},"end":{"line":58,"column":5}},"line":46},"2":{"name":"(anonymous_2)","decl":{"start":{"line":67,"column":4},"end":{"line":67,"column":5}},"loc":{"start":{"line":67,"column":44},"end":{"line":120,"column":5}},"line":67},"3":{"name":"(anonymous_3)","decl":{"start":{"line":130,"column":4},"end":{"line":130,"column":5}},"loc":{"start":{"line":130,"column":48},"end":{"line":150,"column":5}},"line":130},"4":{"name":"(anonymous_4)","decl":{"start":{"line":160,"column":4},"end":{"line":160,"column":5}},"loc":{"start":{"line":160,"column":44},"end":{"line":170,"column":5}},"line":160},"5":{"name":"(anonymous_5)","decl":{"start":{"line":180,"column":4},"end":{"line":180,"column":5}},"loc":{"start":{"line":180,"column":44},"end":{"line":193,"column":5}},"line":180},"6":{"name":"(anonymous_6)","decl":{"start":{"line":203,"column":4},"end":{"line":203,"column":5}},"loc":{"start":{"line":203,"column":40},"end":{"line":216,"column":5}},"line":203},"7":{"name":"(anonymous_7)","decl":{"start":{"line":226,"column":4},"end":{"line":226,"column":5}},"loc":{"start":{"line":226,"column":43},"end":{"line":236,"column":5}},"line":226},"8":{"name":"(anonymous_8)","decl":{"start":{"line":246,"column":4},"end":{"line":246,"column":5}},"loc":{"start":{"line":246,"column":42},"end":{"line":259,"column":5}},"line":246},"9":{"name":"(anonymous_9)","decl":{"start":{"line":269,"column":4},"end":{"line":269,"column":5}},"loc":{"start":{"line":269,"column":42},"end":{"line":287,"column":5}},"line":269},"10":{"name":"(anonymous_10)","decl":{"start":{"line":297,"column":4},"end":{"line":297,"column":5}},"loc":{"start":{"line":297,"column":48},"end":{"line":307,"column":5}},"line":297},"11":{"name":"(anonymous_11)","decl":{"start":{"line":317,"column":4},"end":{"line":317,"column":5}},"loc":{"start":{"line":317,"column":45},"end":{"line":330,"column":5}},"line":317},"12":{"name":"(anonymous_12)","decl":{"start":{"line":340,"column":4},"end":{"line":340,"column":5}},"loc":{"start":{"line":340,"column":47},"end":{"line":353,"column":5}},"line":340}},"branchMap":{"0":{"loc":{"start":{"line":73,"column":12},"end":{"line":77,"column":13}},"type":"if","locations":[{"start":{"line":73,"column":12},"end":{"line":77,"column":13}},{"start":{},"end":{}}],"line":73},"1":{"loc":{"start":{"line":73,"column":16},"end":{"line":73,"column":56}},"type":"binary-expr","locations":[{"start":{"line":73,"column":16},"end":{"line":73,"column":28}},{"start":{"line":73,"column":32},"end":{"line":73,"column":56}}],"line":73},"2":{"loc":{"start":{"line":93,"column":58},"end":{"line":93,"column":74}},"type":"binary-expr","locations":[{"start":{"line":93,"column":58},"end":{"line":93,"column":69}},{"start":{"line":93,"column":73},"end":{"line":93,"column":74}}],"line":93},"3":{"loc":{"start":{"line":101,"column":35},"end":{"line":101,"column":51}},"type":"binary-expr","locations":[{"start":{"line":101,"column":35},"end":{"line":101,"column":46}},{"start":{"line":101,"column":50},"end":{"line":101,"column":51}}],"line":101},"4":{"loc":{"start":{"line":102,"column":29},"end":{"line":102,"column":51}},"type":"binary-expr","locations":[{"start":{"line":102,"column":29},"end":{"line":102,"column":46}},{"start":{"line":102,"column":50},"end":{"line":102,"column":51}}],"line":102},"5":{"loc":{"start":{"line":103,"column":39},"end":{"line":104,"column":92}},"type":"binary-expr","locations":[{"start":{"line":103,"column":39},"end":{"line":103,"column":66}},{"start":{"line":104,"column":25},"end":{"line":104,"column":91}}],"line":103},"6":{"loc":{"start":{"line":104,"column":25},"end":{"line":104,"column":91}},"type":"cond-expr","locations":[{"start":{"line":104,"column":53},"end":{"line":104,"column":55}},{"start":{"line":104,"column":58},"end":{"line":104,"column":91}}],"line":104},"7":{"loc":{"start":{"line":104,"column":58},"end":{"line":104,"column":91}},"type":"cond-expr","locations":[{"start":{"line":104,"column":86},"end":{"line":104,"column":87}},{"start":{"line":104,"column":90},"end":{"line":104,"column":91}}],"line":104},"8":{"loc":{"start":{"line":136,"column":12},"end":{"line":140,"column":13}},"type":"if","locations":[{"start":{"line":136,"column":12},"end":{"line":140,"column":13}},{"start":{},"end":{}}],"line":136},"9":{"loc":{"start":{"line":136,"column":16},"end":{"line":136,"column":34}},"type":"binary-expr","locations":[{"start":{"line":136,"column":16},"end":{"line":136,"column":22}},{"start":{"line":136,"column":26},"end":{"line":136,"column":34}}],"line":136},"10":{"loc":{"start":{"line":183,"column":28},"end":{"line":183,"column":50}},"type":"binary-expr","locations":[{"start":{"line":183,"column":28},"end":{"line":183,"column":45}},{"start":{"line":183,"column":49},"end":{"line":183,"column":50}}],"line":183}},"s":{"0":4,"1":4,"2":4,"3":0,"4":0,"5":0,"6":0,"7":2,"8":2,"9":1,"10":1,"11":0,"12":0,"13":0,"14":0,"15":0,"16":0,"17":0,"18":0,"19":0,"20":0,"21":0,"22":0,"23":0,"24":0,"25":0,"26":0,"27":0,"28":0,"29":0,"30":0,"31":0,"32":0,"33":0,"34":0,"35":0,"36":0,"37":0,"38":0,"39":0,"40":0,"41":0,"42":0,"43":0,"44":0,"45":0,"46":0,"47":0,"48":0,"49":0,"50":0,"51":0,"52":0,"53":0,"54":0,"55":0,"56":0,"57":0,"58":0,"59":0,"60":0,"61":0,"62":0,"63":0,"64":0,"65":0,"66":0,"67":0,"68":0,"69":0,"70":0,"71":0,"72":0,"73":4},"f":{"0":0,"1":2,"2":0,"3":0,"4":0,"5":0,"6":0,"7":0,"8":0,"9":0,"10":0,"11":0,"12":0},"b":{"0":[0,0],"1":[0,0],"2":[0,0],"3":[0,0],"4":[0,0],"5":[0,0],"6":[0,0],"7":[0,0],"8":[0,0],"9":[0,0],"10":[0,0]},"_coverageSchema":"1a1c01bbd47fc00a2c39e90264f33305004495a9","hash":"daf0ce24e325779f0a8a7060469bff816d495942"}
,"D:\\proyecto\\proyecto\\feriazag-api-backend\\managers\\paymentManager.js": {"path":"D:\\proyecto\\proyecto\\feriazag-api-backend\\managers\\paymentManager.js","statementMap":{"0":{"start":{"line":2,"column":20},"end":{"line":2,"column":56}},"1":{"start":{"line":37,"column":8},"end":{"line":37,"column":52}},"2":{"start":{"line":72,"column":25},"end":{"line":72,"column":54}},"3":{"start":{"line":76,"column":8},"end":{"line":76,"column":64}},"4":{"start":{"line":81,"column":0},"end":{"line":81,"column":32}}},"fnMap":{"0":{"name":"(anonymous_0)","decl":{"start":{"line":35,"column":4},"end":{"line":35,"column":5}},"loc":{"start":{"line":35,"column":36},"end":{"line":38,"column":5}},"line":35},"1":{"name":"(anonymous_1)","decl":{"start":{"line":70,"column":4},"end":{"line":70,"column":5}},"loc":{"start":{"line":70,"column":68},"end":{"line":77,"column":5}},"line":70}},"branchMap":{},"s":{"0":6,"1":0,"2":0,"3":0,"4":6},"f":{"0":0,"1":0},"b":{},"_coverageSchema":"1a1c01bbd47fc00a2c39e90264f33305004495a9","hash":"b269d581b57f5b5e9edfb4e5c47150f9e8eb4aec"}
,"D:\\proyecto\\proyecto\\feriazag-api-backend\\models\\categoria.model.js": {"path":"D:\\proyecto\\proyecto\\feriazag-api-backend\\models\\categoria.model.js","statementMap":{"0":{"start":{"line":1,"column":19},"end":{"line":1,"column":42}},"1":{"start":{"line":3,"column":14},"end":{"line":10,"column":1}},"2":{"start":{"line":4,"column":2},"end":{"line":9,"column":5}},"3":{"start":{"line":5,"column":4},"end":{"line":8,"column":7}},"4":{"start":{"line":6,"column":6},"end":{"line":7,"column":28}},"5":{"start":{"line":6,"column":17},"end":{"line":6,"column":31}},"6":{"start":{"line":7,"column":11},"end":{"line":7,"column":28}},"7":{"start":{"line":15,"column":16},"end":{"line":15,"column":68}},"8":{"start":{"line":16,"column":4},"end":{"line":16,"column":28}},"9":{"start":{"line":20,"column":16},"end":{"line":20,"column":82}},"10":{"start":{"line":21,"column":4},"end":{"line":21,"column":28}},"11":{"start":{"line":25,"column":16},"end":{"line":25,"column":64}},"12":{"start":{"line":26,"column":20},"end":{"line":26,"column":52}},"13":{"start":{"line":27,"column":4},"end":{"line":27,"column":30}},"14":{"start":{"line":31,"column":14},"end":{"line":31,"column":61}},"15":{"start":{"line":32,"column":19},"end":{"line":32,"column":32}},"16":{"start":{"line":34,"column":4},"end":{"line":37,"column":5}},"17":{"start":{"line":35,"column":6},"end":{"line":35,"column":38}},"18":{"start":{"line":36,"column":6},"end":{"line":36,"column":40}},"19":{"start":{"line":39,"column":20},"end":{"line":39,"column":44}},"20":{"start":{"line":40,"column":4},"end":{"line":40,"column":30}},"21":{"start":{"line":44,"column":36},"end":{"line":44,"column":40}},"22":{"start":{"line":45,"column":16},"end":{"line":45,"column":75}},"23":{"start":{"line":46,"column":19},"end":{"line":46,"column":66}},"24":{"start":{"line":47,"column":4},"end":{"line":47,"column":27}},"25":{"start":{"line":51,"column":36},"end":{"line":51,"column":40}},"26":{"start":{"line":52,"column":16},"end":{"line":52,"column":89}},"27":{"start":{"line":53,"column":19},"end":{"line":53,"column":72}},"28":{"start":{"line":54,"column":4},"end":{"line":54,"column":31}},"29":{"start":{"line":58,"column":16},"end":{"line":58,"column":72}},"30":{"start":{"line":59,"column":19},"end":{"line":59,"column":59}},"31":{"start":{"line":60,"column":4},"end":{"line":60,"column":31}},"32":{"start":{"line":64,"column":16},"end":{"line":64,"column":63}},"33":{"start":{"line":65,"column":20},"end":{"line":65,"column":52}},"34":{"start":{"line":66,"column":4},"end":{"line":66,"column":30}},"35":{"start":{"line":70,"column":16},"end":{"line":70,"column":62}},"36":{"start":{"line":71,"column":19},"end":{"line":71,"column":51}},"37":{"start":{"line":72,"column":4},"end":{"line":72,"column":31}},"38":{"start":{"line":76,"column":16},"end":{"line":76,"column":64}},"39":{"start":{"line":77,"column":17},"end":{"line":77,"column":49}},"40":{"start":{"line":78,"column":4},"end":{"line":78,"column":27}},"41":{"start":{"line":82,"column":0},"end":{"line":82,"column":38}}},"fnMap":{"0":{"name":"(anonymous_0)","decl":{"start":{"line":3,"column":14},"end":{"line":3,"column":15}},"loc":{"start":{"line":3,"column":31},"end":{"line":10,"column":1}},"line":3},"1":{"name":"(anonymous_1)","decl":{"start":{"line":4,"column":21},"end":{"line":4,"column":22}},"loc":{"start":{"line":4,"column":42},"end":{"line":9,"column":3}},"line":4},"2":{"name":"(anonymous_2)","decl":{"start":{"line":5,"column":34},"end":{"line":5,"column":35}},"loc":{"start":{"line":5,"column":54},"end":{"line":8,"column":5}},"line":5},"3":{"name":"(anonymous_3)","decl":{"start":{"line":14,"column":2},"end":{"line":14,"column":3}},"loc":{"start":{"line":14,"column":27},"end":{"line":17,"column":3}},"line":14},"4":{"name":"(anonymous_4)","decl":{"start":{"line":19,"column":2},"end":{"line":19,"column":3}},"loc":{"start":{"line":19,"column":34},"end":{"line":22,"column":3}},"line":19},"5":{"name":"(anonymous_5)","decl":{"start":{"line":24,"column":2},"end":{"line":24,"column":3}},"loc":{"start":{"line":24,"column":44},"end":{"line":28,"column":3}},"line":24},"6":{"name":"(anonymous_6)","decl":{"start":{"line":30,"column":2},"end":{"line":30,"column":3}},"loc":{"start":{"line":30,"column":80},"end":{"line":41,"column":3}},"line":30},"7":{"name":"(anonymous_7)","decl":{"start":{"line":43,"column":2},"end":{"line":43,"column":3}},"loc":{"start":{"line":43,"column":29},"end":{"line":48,"column":3}},"line":43},"8":{"name":"(anonymous_8)","decl":{"start":{"line":50,"column":2},"end":{"line":50,"column":3}},"loc":{"start":{"line":50,"column":48},"end":{"line":55,"column":3}},"line":50},"9":{"name":"(anonymous_9)","decl":{"start":{"line":57,"column":2},"end":{"line":57,"column":3}},"loc":{"start":{"line":57,"column":44},"end":{"line":61,"column":3}},"line":57},"10":{"name":"(anonymous_10)","decl":{"start":{"line":63,"column":2},"end":{"line":63,"column":3}},"loc":{"start":{"line":63,"column":46},"end":{"line":67,"column":3}},"line":63},"11":{"name":"(anonymous_11)","decl":{"start":{"line":69,"column":2},"end":{"line":69,"column":3}},"loc":{"start":{"line":69,"column":40},"end":{"line":73,"column":3}},"line":69},"12":{"name":"(anonymous_12)","decl":{"start":{"line":75,"column":2},"end":{"line":75,"column":3}},"loc":{"start":{"line":75,"column":31},"end":{"line":79,"column":1}},"line":75}},"branchMap":{"0":{"loc":{"start":{"line":6,"column":6},"end":{"line":7,"column":28}},"type":"if","locations":[{"start":{"line":6,"column":6},"end":{"line":7,"column":28}},{"start":{"line":7,"column":11},"end":{"line":7,"column":28}}],"line":6},"1":{"loc":{"start":{"line":27,"column":11},"end":{"line":27,"column":29}},"type":"binary-expr","locations":[{"start":{"line":27,"column":11},"end":{"line":27,"column":21}},{"start":{"line":27,"column":25},"end":{"line":27,"column":29}}],"line":27},"2":{"loc":{"start":{"line":30,"column":51},"end":{"line":30,"column":78}},"type":"default-arg","locations":[{"start":{"line":30,"column":74},"end":{"line":30,"column":78}}],"line":30},"3":{"loc":{"start":{"line":34,"column":4},"end":{"line":37,"column":5}},"type":"if","locations":[{"start":{"line":34,"column":4},"end":{"line":37,"column":5}},{"start":{},"end":{}}],"line":34},"4":{"loc":{"start":{"line":46,"column":50},"end":{"line":46,"column":64}},"type":"binary-expr","locations":[{"start":{"line":46,"column":50},"end":{"line":46,"column":56}},{"start":{"line":46,"column":60},"end":{"line":46,"column":64}}],"line":46},"5":{"loc":{"start":{"line":78,"column":11},"end":{"line":78,"column":26}},"type":"binary-expr","locations":[{"start":{"line":78,"column":11},"end":{"line":78,"column":18}},{"start":{"line":78,"column":22},"end":{"line":78,"column":26}}],"line":78}},"s":{"0":1,"1":1,"2":0,"3":0,"4":0,"5":0,"6":0,"7":0,"8":0,"9":0,"10":0,"11":0,"12":0,"13":0,"14":0,"15":0,"16":0,"17":0,"18":0,"19":0,"20":0,"21":0,"22":0,"23":0,"24":0,"25":0,"26":0,"27":0,"28":0,"29":0,"30":0,"31":0,"32":0,"33":0,"34":0,"35":0,"36":0,"37":0,"38":0,"39":0,"40":0,"41":1},"f":{"0":0,"1":0,"2":0,"3":0,"4":0,"5":0,"6":0,"7":0,"8":0,"9":0,"10":0,"11":0,"12":0},"b":{"0":[0,0],"1":[0,0],"2":[0],"3":[0,0],"4":[0,0],"5":[0,0]},"_coverageSchema":"1a1c01bbd47fc00a2c39e90264f33305004495a9","hash":"d2b6006d3a6370880f3ef171ccaf1419df8c300d"}
,"D:\\proyecto\\proyecto\\feriazag-api-backend\\models\\cliente.model.js": {"path":"D:\\proyecto\\proyecto\\feriazag-api-backend\\models\\cliente.model.js","statementMap":{"0":{"start":{"line":1,"column":19},"end":{"line":1,"column":42}},"1":{"start":{"line":5,"column":8},"end":{"line":19,"column":11}},"2":{"start":{"line":6,"column":24},"end":{"line":10,"column":13}},"3":{"start":{"line":11,"column":12},"end":{"line":11,"column":72}},"4":{"start":{"line":11,"column":38},"end":{"line":11,"column":72}},"5":{"start":{"line":12,"column":12},"end":{"line":12,"column":74}},"6":{"start":{"line":12,"column":40},"end":{"line":12,"column":74}},"7":{"start":{"line":13,"column":12},"end":{"line":13,"column":51}},"8":{"start":{"line":15,"column":12},"end":{"line":18,"column":15}},"9":{"start":{"line":16,"column":16},"end":{"line":17,"column":38}},"10":{"start":{"line":16,"column":27},"end":{"line":16,"column":41}},"11":{"start":{"line":17,"column":21},"end":{"line":17,"column":38}},"12":{"start":{"line":23,"column":8},"end":{"line":39,"column":11}},"13":{"start":{"line":24,"column":26},"end":{"line":32,"column":13}},"14":{"start":{"line":33,"column":31},"end":{"line":33,"column":44}},"15":{"start":{"line":35,"column":12},"end":{"line":38,"column":15}},"16":{"start":{"line":36,"column":16},"end":{"line":37,"column":38}},"17":{"start":{"line":36,"column":27},"end":{"line":36,"column":41}},"18":{"start":{"line":37,"column":21},"end":{"line":37,"column":38}},"19":{"start":{"line":43,"column":8},"end":{"line":54,"column":11}},"20":{"start":{"line":44,"column":26},"end":{"line":49,"column":13}},"21":{"start":{"line":50,"column":12},"end":{"line":53,"column":15}},"22":{"start":{"line":51,"column":16},"end":{"line":52,"column":41}},"23":{"start":{"line":51,"column":27},"end":{"line":51,"column":41}},"24":{"start":{"line":52,"column":21},"end":{"line":52,"column":41}},"25":{"start":{"line":58,"column":8},"end":{"line":69,"column":11}},"26":{"start":{"line":59,"column":24},"end":{"line":59,"column":75}},"27":{"start":{"line":60,"column":27},"end":{"line":60,"column":37}},"28":{"start":{"line":61,"column":12},"end":{"line":64,"column":13}},"29":{"start":{"line":62,"column":16},"end":{"line":62,"column":48}},"30":{"start":{"line":63,"column":16},"end":{"line":63,"column":48}},"31":{"start":{"line":65,"column":12},"end":{"line":68,"column":15}},"32":{"start":{"line":66,"column":16},"end":{"line":67,"column":49}},"33":{"start":{"line":66,"column":27},"end":{"line":66,"column":41}},"34":{"start":{"line":67,"column":21},"end":{"line":67,"column":49}},"35":{"start":{"line":73,"column":8},"end":{"line":90,"column":11}},"36":{"start":{"line":74,"column":118},"end":{"line":74,"column":122}},"37":{"start":{"line":75,"column":26},"end":{"line":78,"column":13}},"38":{"start":{"line":79,"column":12},"end":{"line":89,"column":15}},"39":{"start":{"line":87,"column":16},"end":{"line":88,"column":62}},"40":{"start":{"line":87,"column":27},"end":{"line":87,"column":41}},"41":{"start":{"line":88,"column":21},"end":{"line":88,"column":62}},"42":{"start":{"line":94,"column":8},"end":{"line":109,"column":11}},"43":{"start":{"line":95,"column":118},"end":{"line":95,"column":122}},"44":{"start":{"line":96,"column":26},"end":{"line":101,"column":13}},"45":{"start":{"line":102,"column":12},"end":{"line":108,"column":15}},"46":{"start":{"line":106,"column":16},"end":{"line":107,"column":50}},"47":{"start":{"line":106,"column":27},"end":{"line":106,"column":41}},"48":{"start":{"line":107,"column":21},"end":{"line":107,"column":50}},"49":{"start":{"line":113,"column":8},"end":{"line":122,"column":11}},"50":{"start":{"line":114,"column":12},"end":{"line":121,"column":14}},"51":{"start":{"line":118,"column":20},"end":{"line":119,"column":54}},"52":{"start":{"line":118,"column":31},"end":{"line":118,"column":45}},"53":{"start":{"line":119,"column":25},"end":{"line":119,"column":54}},"54":{"start":{"line":126,"column":8},"end":{"line":135,"column":11}},"55":{"start":{"line":127,"column":12},"end":{"line":134,"column":14}},"56":{"start":{"line":131,"column":20},"end":{"line":132,"column":53}},"57":{"start":{"line":131,"column":31},"end":{"line":131,"column":45}},"58":{"start":{"line":132,"column":25},"end":{"line":132,"column":53}},"59":{"start":{"line":139,"column":8},"end":{"line":148,"column":11}},"60":{"start":{"line":140,"column":12},"end":{"line":147,"column":14}},"61":{"start":{"line":144,"column":20},"end":{"line":145,"column":54}},"62":{"start":{"line":144,"column":31},"end":{"line":144,"column":45}},"63":{"start":{"line":145,"column":25},"end":{"line":145,"column":54}},"64":{"start":{"line":152,"column":8},"end":{"line":160,"column":11}},"65":{"start":{"line":153,"column":12},"end":{"line":159,"column":14}},"66":{"start":{"line":156,"column":20},"end":{"line":157,"column":42}},"67":{"start":{"line":156,"column":31},"end":{"line":156,"column":45}},"68":{"start":{"line":157,"column":25},"end":{"line":157,"column":42}},"69":{"start":{"line":164,"column":0},"end":{"line":164,"column":36}}},"fnMap":{"0":{"name":"(anonymous_0)","decl":{"start":{"line":4,"column":4},"end":{"line":4,"column":5}},"loc":{"start":{"line":4,"column":19},"end":{"line":20,"column":5}},"line":4},"1":{"name":"(anonymous_1)","decl":{"start":{"line":5,"column":27},"end":{"line":5,"column":28}},"loc":{"start":{"line":5,"column":48},"end":{"line":19,"column":9}},"line":5},"2":{"name":"(anonymous_2)","decl":{"start":{"line":15,"column":36},"end":{"line":15,"column":37}},"loc":{"start":{"line":15,"column":56},"end":{"line":18,"column":13}},"line":15},"3":{"name":"(anonymous_3)","decl":{"start":{"line":22,"column":4},"end":{"line":22,"column":5}},"loc":{"start":{"line":22,"column":19},"end":{"line":40,"column":5}},"line":22},"4":{"name":"(anonymous_4)","decl":{"start":{"line":23,"column":27},"end":{"line":23,"column":28}},"loc":{"start":{"line":23,"column":48},"end":{"line":39,"column":9}},"line":23},"5":{"name":"(anonymous_5)","decl":{"start":{"line":35,"column":74},"end":{"line":35,"column":75}},"loc":{"start":{"line":35,"column":94},"end":{"line":38,"column":13}},"line":35},"6":{"name":"(anonymous_6)","decl":{"start":{"line":42,"column":4},"end":{"line":42,"column":5}},"loc":{"start":{"line":42,"column":29},"end":{"line":55,"column":5}},"line":42},"7":{"name":"(anonymous_7)","decl":{"start":{"line":43,"column":27},"end":{"line":43,"column":28}},"loc":{"start":{"line":43,"column":48},"end":{"line":54,"column":9}},"line":43},"8":{"name":"(anonymous_8)","decl":{"start":{"line":50,"column":50},"end":{"line":50,"column":51}},"loc":{"start":{"line":50,"column":70},"end":{"line":53,"column":13}},"line":50},"9":{"name":"(anonymous_9)","decl":{"start":{"line":57,"column":4},"end":{"line":57,"column":5}},"loc":{"start":{"line":57,"column":51},"end":{"line":70,"column":5}},"line":57},"10":{"name":"(anonymous_10)","decl":{"start":{"line":58,"column":27},"end":{"line":58,"column":28}},"loc":{"start":{"line":58,"column":48},"end":{"line":69,"column":9}},"line":58},"11":{"name":"(anonymous_11)","decl":{"start":{"line":65,"column":44},"end":{"line":65,"column":45}},"loc":{"start":{"line":65,"column":64},"end":{"line":68,"column":13}},"line":65},"12":{"name":"(anonymous_12)","decl":{"start":{"line":72,"column":4},"end":{"line":72,"column":5}},"loc":{"start":{"line":72,"column":16},"end":{"line":91,"column":5}},"line":72},"13":{"name":"(anonymous_13)","decl":{"start":{"line":73,"column":27},"end":{"line":73,"column":28}},"loc":{"start":{"line":73,"column":48},"end":{"line":90,"column":9}},"line":73},"14":{"name":"(anonymous_14)","decl":{"start":{"line":86,"column":15},"end":{"line":86,"column":16}},"loc":{"start":{"line":86,"column":34},"end":{"line":89,"column":13}},"line":86},"15":{"name":"(anonymous_15)","decl":{"start":{"line":93,"column":4},"end":{"line":93,"column":5}},"loc":{"start":{"line":93,"column":33},"end":{"line":110,"column":5}},"line":93},"16":{"name":"(anonymous_16)","decl":{"start":{"line":94,"column":27},"end":{"line":94,"column":28}},"loc":{"start":{"line":94,"column":48},"end":{"line":109,"column":9}},"line":94},"17":{"name":"(anonymous_17)","decl":{"start":{"line":105,"column":15},"end":{"line":105,"column":16}},"loc":{"start":{"line":105,"column":34},"end":{"line":108,"column":13}},"line":105},"18":{"name":"(anonymous_18)","decl":{"start":{"line":112,"column":4},"end":{"line":112,"column":5}},"loc":{"start":{"line":112,"column":38},"end":{"line":123,"column":5}},"line":112},"19":{"name":"(anonymous_19)","decl":{"start":{"line":113,"column":27},"end":{"line":113,"column":28}},"loc":{"start":{"line":113,"column":48},"end":{"line":122,"column":9}},"line":113},"20":{"name":"(anonymous_20)","decl":{"start":{"line":117,"column":16},"end":{"line":117,"column":17}},"loc":{"start":{"line":117,"column":35},"end":{"line":120,"column":17}},"line":117},"21":{"name":"(anonymous_21)","decl":{"start":{"line":125,"column":4},"end":{"line":125,"column":5}},"loc":{"start":{"line":125,"column":28},"end":{"line":136,"column":5}},"line":125},"22":{"name":"(anonymous_22)","decl":{"start":{"line":126,"column":27},"end":{"line":126,"column":28}},"loc":{"start":{"line":126,"column":48},"end":{"line":135,"column":9}},"line":126},"23":{"name":"(anonymous_23)","decl":{"start":{"line":130,"column":16},"end":{"line":130,"column":17}},"loc":{"start":{"line":130,"column":36},"end":{"line":133,"column":17}},"line":130},"24":{"name":"(anonymous_24)","decl":{"start":{"line":138,"column":4},"end":{"line":138,"column":5}},"loc":{"start":{"line":138,"column":25},"end":{"line":149,"column":5}},"line":138},"25":{"name":"(anonymous_25)","decl":{"start":{"line":139,"column":27},"end":{"line":139,"column":28}},"loc":{"start":{"line":139,"column":48},"end":{"line":148,"column":9}},"line":139},"26":{"name":"(anonymous_26)","decl":{"start":{"line":143,"column":16},"end":{"line":143,"column":17}},"loc":{"start":{"line":143,"column":35},"end":{"line":146,"column":17}},"line":143},"27":{"name":"(anonymous_27)","decl":{"start":{"line":151,"column":4},"end":{"line":151,"column":5}},"loc":{"start":{"line":151,"column":18},"end":{"line":161,"column":5}},"line":151},"28":{"name":"(anonymous_28)","decl":{"start":{"line":152,"column":27},"end":{"line":152,"column":28}},"loc":{"start":{"line":152,"column":48},"end":{"line":160,"column":9}},"line":152},"29":{"name":"(anonymous_29)","decl":{"start":{"line":155,"column":16},"end":{"line":155,"column":17}},"loc":{"start":{"line":155,"column":36},"end":{"line":158,"column":17}},"line":155}},"branchMap":{"0":{"loc":{"start":{"line":11,"column":12},"end":{"line":11,"column":72}},"type":"if","locations":[{"start":{"line":11,"column":12},"end":{"line":11,"column":72}},{"start":{},"end":{}}],"line":11},"1":{"loc":{"start":{"line":12,"column":12},"end":{"line":12,"column":74}},"type":"if","locations":[{"start":{"line":12,"column":12},"end":{"line":12,"column":74}},{"start":{},"end":{}}],"line":12},"2":{"loc":{"start":{"line":16,"column":16},"end":{"line":17,"column":38}},"type":"if","locations":[{"start":{"line":16,"column":16},"end":{"line":17,"column":38}},{"start":{"line":17,"column":21},"end":{"line":17,"column":38}}],"line":16},"3":{"loc":{"start":{"line":36,"column":16},"end":{"line":37,"column":38}},"type":"if","locations":[{"start":{"line":36,"column":16},"end":{"line":37,"column":38}},{"start":{"line":37,"column":21},"end":{"line":37,"column":38}}],"line":36},"4":{"loc":{"start":{"line":51,"column":16},"end":{"line":52,"column":41}},"type":"if","locations":[{"start":{"line":51,"column":16},"end":{"line":52,"column":41}},{"start":{"line":52,"column":21},"end":{"line":52,"column":41}}],"line":51},"5":{"loc":{"start":{"line":57,"column":24},"end":{"line":57,"column":49}},"type":"default-arg","locations":[{"start":{"line":57,"column":45},"end":{"line":57,"column":49}}],"line":57},"6":{"loc":{"start":{"line":61,"column":12},"end":{"line":64,"column":13}},"type":"if","locations":[{"start":{"line":61,"column":12},"end":{"line":64,"column":13}},{"start":{},"end":{}}],"line":61},"7":{"loc":{"start":{"line":66,"column":16},"end":{"line":67,"column":49}},"type":"if","locations":[{"start":{"line":66,"column":16},"end":{"line":67,"column":49}},{"start":{"line":67,"column":21},"end":{"line":67,"column":49}}],"line":66},"8":{"loc":{"start":{"line":82,"column":16},"end":{"line":82,"column":41}},"type":"binary-expr","locations":[{"start":{"line":82,"column":16},"end":{"line":82,"column":33}},{"start":{"line":82,"column":37},"end":{"line":82,"column":41}}],"line":82},"9":{"loc":{"start":{"line":83,"column":16},"end":{"line":83,"column":42}},"type":"binary-expr","locations":[{"start":{"line":83,"column":16},"end":{"line":83,"column":34}},{"start":{"line":83,"column":38},"end":{"line":83,"column":42}}],"line":83},"10":{"loc":{"start":{"line":85,"column":16},"end":{"line":85,"column":30}},"type":"binary-expr","locations":[{"start":{"line":85,"column":16},"end":{"line":85,"column":22}},{"start":{"line":85,"column":26},"end":{"line":85,"column":30}}],"line":85},"11":{"loc":{"start":{"line":87,"column":16},"end":{"line":88,"column":62}},"type":"if","locations":[{"start":{"line":87,"column":16},"end":{"line":88,"column":62}},{"start":{"line":88,"column":21},"end":{"line":88,"column":62}}],"line":87},"12":{"loc":{"start":{"line":103,"column":47},"end":{"line":103,"column":72}},"type":"binary-expr","locations":[{"start":{"line":103,"column":47},"end":{"line":103,"column":64}},{"start":{"line":103,"column":68},"end":{"line":103,"column":72}}],"line":103},"13":{"loc":{"start":{"line":104,"column":16},"end":{"line":104,"column":42}},"type":"binary-expr","locations":[{"start":{"line":104,"column":16},"end":{"line":104,"column":34}},{"start":{"line":104,"column":38},"end":{"line":104,"column":42}}],"line":104},"14":{"loc":{"start":{"line":106,"column":16},"end":{"line":107,"column":50}},"type":"if","locations":[{"start":{"line":106,"column":16},"end":{"line":107,"column":50}},{"start":{"line":107,"column":21},"end":{"line":107,"column":50}}],"line":106},"15":{"loc":{"start":{"line":118,"column":20},"end":{"line":119,"column":54}},"type":"if","locations":[{"start":{"line":118,"column":20},"end":{"line":119,"column":54}},{"start":{"line":119,"column":25},"end":{"line":119,"column":54}}],"line":118},"16":{"loc":{"start":{"line":131,"column":20},"end":{"line":132,"column":53}},"type":"if","locations":[{"start":{"line":131,"column":20},"end":{"line":132,"column":53}},{"start":{"line":132,"column":25},"end":{"line":132,"column":53}}],"line":131},"17":{"loc":{"start":{"line":144,"column":20},"end":{"line":145,"column":54}},"type":"if","locations":[{"start":{"line":144,"column":20},"end":{"line":145,"column":54}},{"start":{"line":145,"column":25},"end":{"line":145,"column":54}}],"line":144},"18":{"loc":{"start":{"line":156,"column":20},"end":{"line":157,"column":42}},"type":"if","locations":[{"start":{"line":156,"column":20},"end":{"line":157,"column":42}},{"start":{"line":157,"column":25},"end":{"line":157,"column":42}}],"line":156}},"s":{"0":1,"1":0,"2":0,"3":0,"4":0,"5":0,"6":0,"7":0,"8":0,"9":0,"10":0,"11":0,"12":0,"13":0,"14":0,"15":0,"16":0,"17":0,"18":0,"19":0,"20":0,"21":0,"22":0,"23":0,"24":0,"25":0,"26":0,"27":0,"28":0,"29":0,"30":0,"31":0,"32":0,"33":0,"34":0,"35":0,"36":0,"37":0,"38":0,"39":0,"40":0,"41":0,"42":0,"43":0,"44":0,"45":0,"46":0,"47":0,"48":0,"49":0,"50":0,"51":0,"52":0,"53":0,"54":0,"55":0,"56":0,"57":0,"58":0,"59":0,"60":0,"61":0,"62":0,"63":0,"64":0,"65":0,"66":0,"67":0,"68":0,"69":1},"f":{"0":0,"1":0,"2":0,"3":0,"4":0,"5":0,"6":0,"7":0,"8":0,"9":0,"10":0,"11":0,"12":0,"13":0,"14":0,"15":0,"16":0,"17":0,"18":0,"19":0,"20":0,"21":0,"22":0,"23":0,"24":0,"25":0,"26":0,"27":0,"28":0,"29":0},"b":{"0":[0,0],"1":[0,0],"2":[0,0],"3":[0,0],"4":[0,0],"5":[0],"6":[0,0],"7":[0,0],"8":[0,0],"9":[0,0],"10":[0,0],"11":[0,0],"12":[0,0],"13":[0,0],"14":[0,0],"15":[0,0],"16":[0,0],"17":[0,0],"18":[0,0]},"_coverageSchema":"1a1c01bbd47fc00a2c39e90264f33305004495a9","hash":"7334ad0965f9c425b59d33f2387758521f7b86fa"}
[...]
200,"column":26},"end":{"line":200,"column":27}},"loc":{"start":{"line":200,"column":36},"end":{"line":204,"column":9}},"line":200},"9":{"name":"(anonymous_9)","decl":{"start":{"line":213,"column":4},"end":{"line":213,"column":5}},"loc":{"start":{"line":213,"column":57},"end":{"line":222,"column":5}},"line":213},"10":{"name":"(anonymous_10)","decl":{"start":{"line":229,"column":4},"end":{"line":229,"column":5}},"loc":{"start":{"line":229,"column":26},"end":{"line":238,"column":5}},"line":229},"11":{"name":"(anonymous_11)","decl":{"start":{"line":245,"column":4},"end":{"line":245,"column":5}},"loc":{"start":{"line":245,"column":41},"end":{"line":248,"column":5}},"line":245},"12":{"name":"(anonymous_12)","decl":{"start":{"line":255,"column":4},"end":{"line":255,"column":5}},"loc":{"start":{"line":255,"column":34},"end":{"line":265,"column":5}},"line":255},"13":{"name":"(anonymous_13)","decl":{"start":{"line":271,"column":4},"end":{"line":271,"column":5}},"loc":{"start":{"line":271,"column":33},"end":{"line":273,"column":5}},"line":271},"14":{"name":"(anonymous_14)","decl":{"start":{"line":281,"column":4},"end":{"line":281,"column":5}},"loc":{"start":{"line":281,"column":53},"end":{"line":283,"column":5}},"line":281},"15":{"name":"(anonymous_15)","decl":{"start":{"line":293,"column":4},"end":{"line":293,"column":5}},"loc":{"start":{"line":293,"column":79},"end":{"line":342,"column":5}},"line":293},"16":{"name":"(anonymous_16)","decl":{"start":{"line":295,"column":51},"end":{"line":295,"column":52}},"loc":{"start":{"line":295,"column":56},"end":{"line":307,"column":9}},"line":295},"17":{"name":"(anonymous_17)","decl":{"start":{"line":310,"column":58},"end":{"line":310,"column":59}},"loc":{"start":{"line":310,"column":70},"end":{"line":310,"column":86}},"line":310},"18":{"name":"(anonymous_18)","decl":{"start":{"line":348,"column":4},"end":{"line":348,"column":5}},"loc":{"start":{"line":348,"column":34},"end":{"line":350,"column":5}},"line":348},"19":{"name":"(anonymous_19)","decl":{"start":{"line":358,"column":4},"end":{"line":358,"column":5}},"loc":{"start":{"line":358,"column":43},"end":{"line":360,"column":5}},"line":358},"20":{"name":"(anonymous_20)","decl":{"start":{"line":368,"column":4},"end":{"line":368,"column":5}},"loc":{"start":{"line":368,"column":42},"end":{"line":378,"column":5}},"line":368},"21":{"name":"(anonymous_21)","decl":{"start":{"line":387,"column":4},"end":{"line":387,"column":5}},"loc":{"start":{"line":387,"column":61},"end":{"line":393,"column":5}},"line":387}},"branchMap":{"0":{"loc":{"start":{"line":50,"column":8},"end":{"line":52,"column":9}},"type":"if","locations":[{"start":{"line":50,"column":8},"end":{"line":52,"column":9}},{"start":{},"end":{}}],"line":50},"1":{"loc":{"start":{"line":56,"column":8},"end":{"line":58,"column":9}},"type":"if","locations":[{"start":{"line":56,"column":8},"end":{"line":58,"column":9}},{"start":{},"end":{}}],"line":56},"2":{"loc":{"start":{"line":56,"column":12},"end":{"line":56,"column":46}},"type":"binary-expr","locations":[{"start":{"line":56,"column":12},"end":{"line":56,"column":21}},{"start":{"line":56,"column":25},"end":{"line":56,"column":46}}],"line":56},"3":{"loc":{"start":{"line":66,"column":31},"end":{"line":66,"column":53}},"type":"binary-expr","locations":[{"start":{"line":66,"column":31},"end":{"line":66,"column":48}},{"start":{"line":66,"column":52},"end":{"line":66,"column":53}}],"line":66},"4":{"loc":{"start":{"line":81,"column":8},"end":{"line":88,"column":9}},"type":"if","locations":[{"start":{"line":81,"column":8},"end":{"line":88,"column":9}},{"start":{},"end":{}}],"line":81},"5":{"loc":{"start":{"line":81,"column":12},"end":{"line":81,"column":64}},"type":"binary-expr","locations":[{"start":{"line":81,"column":12},"end":{"line":81,"column":26}},{"start":{"line":81,"column":30},"end":{"line":81,"column":64}}],"line":81},"6":{"loc":{"start":{"line":92,"column":25},"end":{"line":92,"column":81}},"type":"binary-expr","locations":[{"start":{"line":92,"column":25},"end":{"line":92,"column":76}},{"start":{"line":92,"column":80},"end":{"line":92,"column":81}}],"line":92},"7":{"loc":{"start":{"line":100,"column":8},"end":{"line":102,"column":9}},"type":"if","locations":[{"start":{"line":100,"column":8},"end":{"line":102,"column":9}},{"start":{},"end":{}}],"line":100},"8":{"loc":{"start":{"line":105,"column":8},"end":{"line":107,"column":9}},"type":"if","locations":[{"start":{"line":105,"column":8},"end":{"line":107,"column":9}},{"start":{},"end":{}}],"line":105},"9":{"loc":{"start":{"line":114,"column":8},"end":{"line":117,"column":9}},"type":"if","locations":[{"start":{"line":114,"column":8},"end":{"line":117,"column":9}},{"start":{},"end":{}}],"line":114},"10":{"loc":{"start":{"line":120,"column":8},"end":{"line":122,"column":9}},"type":"if","locations":[{"start":{"line":120,"column":8},"end":{"line":122,"column":9}},{"start":{},"end":{}}],"line":120},"11":{"loc":{"start":{"line":136,"column":12},"end":{"line":136,"column":30}},"type":"binary-expr","locations":[{"start":{"line":136,"column":12},"end":{"line":136,"column":22}},{"start":{"line":136,"column":26},"end":{"line":136,"column":30}}],"line":136},"12":{"loc":{"start":{"line":141,"column":8},"end":{"line":143,"column":9}},"type":"if","locations":[{"start":{"line":141,"column":8},"end":{"line":143,"column":9}},{"start":{},"end":{}}],"line":141},"13":{"loc":{"start":{"line":160,"column":21},"end":{"line":162,"column":46}},"type":"cond-expr","locations":[{"start":{"line":161,"column":18},"end":{"line":161,"column":77}},{"start":{"line":162,"column":18},"end":{"line":162,"column":46}}],"line":160},"14":{"loc":{"start":{"line":174,"column":8},"end":{"line":176,"column":9}},"type":"if","locations":[{"start":{"line":174,"column":8},"end":{"line":176,"column":9}},{"start":{},"end":{}}],"line":174},"15":{"loc":{"start":{"line":174,"column":12},"end":{"line":174,"column":30}},"type":"binary-expr","locations":[{"start":{"line":174,"column":12},"end":{"line":174,"column":18}},{"start":{"line":174,"column":22},"end":{"line":174,"column":30}}],"line":174},"16":{"loc":{"start":{"line":202,"column":21},"end":{"line":202,"column":55}},"type":"binary-expr","locations":[{"start":{"line":202,"column":21},"end":{"line":202,"column":50}},{"start":{"line":202,"column":54},"end":{"line":202,"column":55}}],"line":202},"17":{"loc":{"start":{"line":230,"column":8},"end":{"line":237,"column":9}},"type":"switch","locations":[{"start":{"line":231,"column":12},"end":{"line":232,"column":41}},{"start":{"line":233,"column":12},"end":{"line":234,"column":40}},{"start":{"line":235,"column":12},"end":{"line":236,"column":37}}],"line":230},"18":{"loc":{"start":{"line":247,"column":54},"end":{"line":247,"column":66}},"type":"binary-expr","locations":[{"start":{"line":247,"column":54},"end":{"line":247,"column":61}},{"start":{"line":247,"column":65},"end":{"line":247,"column":66}}],"line":247},"19":{"loc":{"start":{"line":259,"column":8},"end":{"line":261,"column":9}},"type":"if","locations":[{"start":{"line":259,"column":8},"end":{"line":261,"column":9}},{"start":{},"end":{}}],"line":259},"20":{"loc":{"start":{"line":259,"column":12},"end":{"line":259,"column":49}},"type":"binary-expr","locations":[{"start":{"line":259,"column":12},"end":{"line":259,"column":24}},{"start":{"line":259,"column":28},"end":{"line":259,"column":36}},{"start":{"line":259,"column":40},"end":{"line":259,"column":49}}],"line":259},"21":{"loc":{"start":{"line":296,"column":41},"end":{"line":296,"column":57}},"type":"binary-expr","locations":[{"start":{"line":296,"column":41},"end":{"line":296,"column":52}},{"start":{"line":296,"column":56},"end":{"line":296,"column":57}}],"line":296},"22":{"loc":{"start":{"line":304,"column":27},"end":{"line":304,"column":43}},"type":"binary-expr","locations":[{"start":{"line":304,"column":27},"end":{"line":304,"column":38}},{"start":{"line":304,"column":42},"end":{"line":304,"column":43}}],"line":304},"23":{"loc":{"start":{"line":317,"column":8},"end":{"line":333,"column":9}},"type":"if","locations":[{"start":{"line":317,"column":8},"end":{"line":333,"column":9}},{"start":{"line":326,"column":13},"end":{"line":333,"column":9}}],"line":317},"24":{"loc":{"start":{"line":318,"column":12},"end":{"line":322,"column":13}},"type":"if","locations":[{"start":{"line":318,"column":12},"end":{"line":322,"column":13}},{"start":{"line":320,"column":19},"end":{"line":322,"column":13}}],"line":318},"25":{"loc":{"start":{"line":326,"column":13},"end":{"line":333,"column":9}},"type":"if","locations":[{"start":{"line":326,"column":13},"end":{"line":333,"column":9}},{"start":{},"end":{}}],"line":326},"26":{"loc":{"start":{"line":327,"column":12},"end":{"line":331,"column":13}},"type":"if","locations":[{"start":{"line":327,"column":12},"end":{"line":331,"column":13}},{"start":{"line":329,"column":19},"end":{"line":331,"column":13}}],"line":327},"27":{"loc":{"start":{"line":373,"column":8},"end":{"line":375,"column":9}},"type":"if","locations":[{"start":{"line":373,"column":8},"end":{"line":375,"column":9}},{"start":{},"end":{}}],"line":373}},"s":{"0":5,"1":5,"2":5,"3":5,"4":0,"5":0,"6":0,"7":0,"8":0,"9":0,"10":0,"11":0,"12":0,"13":0,"14":0,"15":0,"16":0,"17":0,"18":0,"19":0,"20":0,"21":0,"22":0,"23":0,"24":0,"25":0,"26":0,"27":0,"28":0,"29":0,"30":0,"31":0,"32":0,"33":0,"34":0,"35":0,"36":0,"37":0,"38":0,"39":0,"40":0,"41":0,"42":0,"43":0,"44":0,"45":0,"46":0,"47":0,"48":0,"49":0,"50":0,"51":0,"52":0,"53":0,"54":0,"55":0,"56":3,"57":3,"58":3,"59":4,"60":1,"61":1,"62":2,"63":0,"64":0,"65":0,"66":0,"67":0,"68":0,"69":2,"70":3,"71":6,"72":6,"73":6,"74":3,"75":6,"76":3,"77":3,"78":3,"79":1,"80":1,"81":0,"82":1,"83":2,"84":1,"85":1,"86":0,"87":1,"88":3,"89":0,"90":0,"91":0,"92":0,"93":0,"94":0,"95":1,"96":1,"97":5},"f":{"0":0,"1":0,"2":0,"3":0,"4":0,"5":0,"6":0,"7":0,"8":0,"9":3,"10":4,"11":0,"12":0,"13":0,"14":2,"15":3,"16":6,"17":6,"18":0,"19":0,"20":0,"21":1},"b":{"0":[0,0],"1":[0,0],"2":[0,0],"3":[0,0],"4":[0,0],"5":[0,0],"6":[0,0],"7":[0,0],"8":[0,0],"9":[0,0],"10":[0,0],"11":[0,0],"12":[0,0],"13":[0,0],"14":[0,0],"15":[0,0],"16":[0,0],"17":[1,1,2],"18":[0,0],"19":[0,0],"20":[0,0,0],"21":[6,6],"22":[6,6],"23":[1,2],"24":[1,0],"25":[1,1],"26":[1,0],"27":[0,0]},"_coverageSchema":"1a1c01bbd47fc00a2c39e90264f33305004495a9","hash":"3cca907a317cb5bde91799bf8a3573e3ef03b657"}
,"D:\\proyecto\\proyecto\\feriazag-api-backend\\strategies\\credito.js": {"path":"D:\\proyecto\\proyecto\\feriazag-api-backend\\strategies\\credito.js","statementMap":{"0":{"start":{"line":3,"column":21},"end":{"line":3,"column":46}},"1":{"start":{"line":80,"column":24},"end":{"line":80,"column":36}},"2":{"start":{"line":85,"column":8},"end":{"line":93,"column":10}},"3":{"start":{"line":98,"column":0},"end":{"line":98,"column":33}}},"fnMap":{"0":{"name":"(anonymous_0)","decl":{"start":{"line":76,"column":4},"end":{"line":76,"column":5}},"loc":{"start":{"line":76,"column":49},"end":{"line":94,"column":5}},"line":76}},"branchMap":{"0":{"loc":{"start":{"line":76,"column":26},"end":{"line":76,"column":47}},"type":"default-arg","locations":[{"start":{"line":76,"column":45},"end":{"line":76,"column":47}}],"line":76}},"s":{"0":13,"1":3,"2":3,"3":13},"f":{"0":3},"b":{"0":[3]},"_coverageSchema":"1a1c01bbd47fc00a2c39e90264f33305004495a9","hash":"651fc57f4da94e84f7250835e5946249bfc925de"}
,"D:\\proyecto\\proyecto\\feriazag-api-backend\\strategies\\debito.js": {"path":"D:\\proyecto\\proyecto\\feriazag-api-backend\\strategies\\debito.js","statementMap":{"0":{"start":{"line":1,"column":21},"end":{"line":1,"column":46}},"1":{"start":{"line":5,"column":8},"end":{"line":11,"column":10}},"2":{"start":{"line":15,"column":0},"end":{"line":15,"column":32}}},"fnMap":{"0":{"name":"(anonymous_0)","decl":{"start":{"line":4,"column":4},"end":{"line":4,"column":5}},"loc":{"start":{"line":4,"column":49},"end":{"line":12,"column":5}},"line":4}},"branchMap":{"0":{"loc":{"start":{"line":4,"column":26},"end":{"line":4,"column":47}},"type":"default-arg","locations":[{"start":{"line":4,"column":45},"end":{"line":4,"column":47}}],"line":4}},"s":{"0":12,"1":0,"2":12},"f":{"0":0},"b":{"0":[0]},"_coverageSchema":"1a1c01bbd47fc00a2c39e90264f33305004495a9","hash":"b7e6cd9b6de81fd79f0b739d6a36c4db4ab44267"}
,"D:\\proyecto\\proyecto\\feriazag-api-backend\\strategies\\efectivo.js": {"path":"D:\\proyecto\\proyecto\\feriazag-api-backend\\strategies\\efectivo.js","statementMap":{"0":{"start":{"line":1,"column":21},"end":{"line":1,"column":46}},"1":{"start":{"line":5,"column":8},"end":{"line":13,"column":10}},"2":{"start":{"line":17,"column":0},"end":{"line":17,"column":34}}},"fnMap":{"0":{"name":"(anonymous_0)","decl":{"start":{"line":4,"column":4},"end":{"line":4,"column":5}},"loc":{"start":{"line":4,"column":49},"end":{"line":14,"column":5}},"line":4}},"branchMap":{"0":{"loc":{"start":{"line":4,"column":26},"end":{"line":4,"column":47}},"type":"default-arg","locations":[{"start":{"line":4,"column":45},"end":{"line":4,"column":47}}],"line":4}},"s":{"0":13,"1":1,"2":13},"f":{"0":1},"b":{"0":[1]},"_coverageSchema":"1a1c01bbd47fc00a2c39e90264f33305004495a9","hash":"cce185da6acfe095d473a3a6797b4e6bed961a36"}
,"D:\\proyecto\\proyecto\\feriazag-api-backend\\strategies\\mercadoPago.js": {"path":"D:\\proyecto\\proyecto\\feriazag-api-backend\\strategies\\mercadoPago.js","statementMap":{"0":{"start":{"line":3,"column":21},"end":{"line":3,"column":46}},"1":{"start":{"line":83,"column":24},"end":{"line":83,"column":36}},"2":{"start":{"line":88,"column":8},"end":{"line":96,"column":10}},"3":{"start":{"line":101,"column":0},"end":{"line":101,"column":37}}},"fnMap":{"0":{"name":"(anonymous_0)","decl":{"start":{"line":79,"column":4},"end":{"line":79,"column":5}},"loc":{"start":{"line":79,"column":49},"end":{"line":97,"column":5}},"line":79}},"branchMap":{"0":{"loc":{"start":{"line":79,"column":26},"end":{"line":79,"column":47}},"type":"default-arg","locations":[{"start":{"line":79,"column":45},"end":{"line":79,"column":47}}],"line":79}},"s":{"0":13,"1":1,"2":1,"3":13},"f":{"0":1},"b":{"0":[1]},"_coverageSchema":"1a1c01bbd47fc00a2c39e90264f33305004495a9","hash":"588a59a9cc1d900335c39fc13784b75b631b38c8"}
,"D:\\proyecto\\proyecto\\feriazag-api-backend\\strategies\\pagoFactory.js": {"path":"D:\\proyecto\\proyecto\\feriazag-api-backend\\strategies\\pagoFactory.js","statementMap":{"0":{"start":{"line":6,"column":25},"end":{"line":6,"column":46}},"1":{"start":{"line":9,"column":23},"end":{"line":9,"column":42}},"2":{"start":{"line":12,"column":24},"end":{"line":12,"column":44}},"3":{"start":{"line":15,"column":30},"end":{"line":15,"column":56}},"4":{"start":{"line":18,"column":28},"end":{"line":18,"column":52}},"5":{"start":{"line":69,"column":19},"end":{"line":69,"column":40}},"6":{"start":{"line":72,"column":8},"end":{"line":97,"column":9}},"7":{"start":{"line":75,"column":16},"end":{"line":75,"column":46}},"8":{"start":{"line":79,"column":16},"end":{"line":79,"column":44}},"9":{"start":{"line":83,"column":16},"end":{"line":83,"column":45}},"10":{"start":{"line":87,"column":16},"end":{"line":87,"column":51}},"11":{"start":{"line":91,"column":16},"end":{"line":91,"column":49}},"12":{"start":{"line":96,"column":16},"end":{"line":96,"column":77}},"13":{"start":{"line":102,"column":0},"end":{"line":102,"column":29}}},"fnMap":{"0":{"name":"(anonymous_0)","decl":{"start":{"line":66,"column":4},"end":{"line":66,"column":5}},"loc":{"start":{"line":66,"column":36},"end":{"line":98,"column":5}},"line":66}},"branchMap":{"0":{"loc":{"start":{"line":72,"column":8},"end":{"line":97,"column":9}},"type":"switch","locations":[{"start":{"line":74,"column":12},"end":{"line":75,"column":46}},{"start":{"line":78,"column":12},"end":{"line":79,"column":44}},{"start":{"line":82,"column":12},"end":{"line":83,"column":45}},{"start":{"line":86,"column":12},"end":{"line":87,"column":51}},{"start":{"line":90,"column":12},"end":{"line":91,"column":49}},{"start":{"line":94,"column":12},"end":{"line":96,"column":77}}],"line":72}},"s":{"0":12,"1":12,"2":12,"3":12,"4":12,"5":0,"6":0,"7":0,"8":0,"9":0,"10":0,"11":0,"12":0,"13":12},"f":{"0":0},"b":{"0":[0,0,0,0,0,0]},"_coverageSchema":"1a1c01bbd47fc00a2c39e90264f33305004495a9","hash":"0820d90f2d5dd37452f5a717d16a897702ebc68f"}
,"D:\\proyecto\\proyecto\\feriazag-api-backend\\strategies\\pagoStrategy.js": {"path":"D:\\proyecto\\proyecto\\feriazag-api-backend\\strategies\\pagoStrategy.js","statementMap":{"0":{"start":{"line":54,"column":8},"end":{"line":54,"column":85}},"1":{"start":{"line":59,"column":0},"end":{"line":59,"column":30}}},"fnMap":{"0":{"name":"(anonymous_0)","decl":{"start":{"line":51,"column":4},"end":{"line":51,"column":5}},"loc":{"start":{"line":51,"column":44},"end":{"line":55,"column":5}},"line":51}},"branchMap":{},"s":{"0":0,"1":15},"f":{"0":0},"b":{},"_coverageSchema":"1a1c01bbd47fc00a2c39e90264f33305004495a9","hash":"17ecb68849c46e7202036cce503833cdba9ffeb4"}
,"D:\\proyecto\\proyecto\\feriazag-api-backend\\strategies\\transferencia.js": {"path":"D:\\proyecto\\proyecto\\feriazag-api-backend\\strategies\\transferencia.js","statementMap":{"0":{"start":{"line":3,"column":21},"end":{"line":3,"column":46}},"1":{"start":{"line":65,"column":8},"end":{"line":71,"column":10}},"2":{"start":{"line":76,"column":0},"end":{"line":76,"column":39}}},"fnMap":{"0":{"name":"(anonymous_0)","decl":{"start":{"line":62,"column":4},"end":{"line":62,"column":5}},"loc":{"start":{"line":62,"column":49},"end":{"line":72,"column":5}},"line":62}},"branchMap":{"0":{"loc":{"start":{"line":62,"column":26},"end":{"line":62,"column":47}},"type":"default-arg","locations":[{"start":{"line":62,"column":45},"end":{"line":62,"column":47}}],"line":62}},"s":{"0":12,"1":0,"2":12},"f":{"0":0},"b":{"0":[0]},"_coverageSchema":"1a1c01bbd47fc00a2c39e90264f33305004495a9","hash":"acf9b181da3c6b212968b8e06b7976ba6c7e8d86"}
,"D:\\proyecto\\proyecto\\feriazag-api-backend\\utils\\helpers.js": {"path":"D:\\proyecto\\proyecto\\feriazag-api-backend\\utils\\helpers.js","statementMap":{"0":{"start":{"line":3,"column":8},"end":{"line":3,"column":66}},"1":{"start":{"line":7,"column":8},"end":{"line":7,"column":93}},"2":{"start":{"line":7,"column":46},"end":{"line":7,"column":88}},"3":{"start":{"line":11,"column":21},"end":{"line":11,"column":77}},"4":{"start":{"line":11,"column":52},"end":{"line":11,"column":73}},"5":{"start":{"line":12,"column":8},"end":{"line":16,"column":10}},"6":{"start":{"line":20,"column":0},"end":{"line":20,"column":25}}},"fnMap":{"0":{"name":"(anonymous_0)","decl":{"start":{"line":2,"column":4},"end":{"line":2,"column":5}},"loc":{"start":{"line":2,"column":43},"end":{"line":4,"column":5}},"line":2},"1":{"name":"(anonymous_1)","decl":{"start":{"line":6,"column":4},"end":{"line":6,"column":5}},"loc":{"start":{"line":6,"column":35},"end":{"line":8,"column":5}},"line":6},"2":{"name":"(anonymous_2)","decl":{"start":{"line":7,"column":31},"end":{"line":7,"column":32}},"loc":{"start":{"line":7,"column":46},"end":{"line":7,"column":88}},"line":7},"3":{"name":"(anonymous_3)","decl":{"start":{"line":10,"column":4},"end":{"line":10,"column":5}},"loc":{"start":{"line":10,"column":59},"end":{"line":17,"column":5}},"line":10},"4":{"name":"(anonymous_4)","decl":{"start":{"line":11,"column":40},"end":{"line":11,"column":41}},"loc":{"start":{"line":11,"column":52},"end":{"line":11,"column":73}},"line":11}},"branchMap":{"0":{"loc":{"start":{"line":2,"column":23},"end":{"line":2,"column":41}},"type":"default-arg","locations":[{"start":{"line":2,"column":31},"end":{"line":2,"column":41}}],"line":2},"1":{"loc":{"start":{"line":7,"column":68},"end":{"line":7,"column":86}},"type":"binary-expr","locations":[{"start":{"line":7,"column":68},"end":{"line":7,"column":81}},{"start":{"line":7,"column":85},"end":{"line":7,"column":86}}],"line":7}},"s":{"0":0,"1":0,"2":0,"3":0,"4":0,"5":0,"6":5},"f":{"0":0,"1":0,"2":0,"3":0,"4":0},"b":{"0":[0],"1":[0,0]},"_coverageSchema":"1a1c01bbd47fc00a2c39e90264f33305004495a9","hash":"6986bad5911324e9b8dbb16192875f5b809a9201"}
}
