TN:
SF:conection.js
FNF:0
FNH:0
DA:7,12
DA:11,12
DA:34,12
DA:143,12
LF:4
LH:4
BRF:0
BRH:0
end_of_record
TN:
SF:controllers\cliente.controller.js
FN:6,(anonymous_0)
FN:16,(anonymous_1)
FN:31,(anonymous_2)
FN:46,(anonymous_3)
FN:60,(anonymous_4)
FN:75,(anonymous_5)
FN:91,(anonymous_6)
FN:106,(anonymous_7)
FNF:8
FNH:7
FNDA:1,(anonymous_0)
FNDA:1,(anonymous_1)
FNDA:1,(anonymous_2)
FNDA:3,(anonymous_3)
FNDA:1,(anonymous_4)
FNDA:1,(anonymous_5)
FNDA:2,(anonymous_6)
FNDA:0,(anonymous_7)
DA:1,1
DA:2,1
DA:7,1
DA:8,1
DA:9,1
DA:10,1
DA:12,0
DA:17,1
DA:18,1
DA:19,1
DA:20,0
DA:23,1
DA:24,1
DA:25,1
DA:27,0
DA:32,1
DA:33,1
DA:34,1
DA:35,0
DA:38,1
DA:39,1
DA:40,1
DA:42,0
DA:47,3
DA:48,3
DA:49,3
DA:50,0
DA:53,3
DA:54,1
DA:56,2
DA:61,1
DA:62,1
DA:63,1
DA:64,0
DA:67,1
DA:68,1
DA:69,1
DA:71,0
DA:76,1
DA:77,1
DA:78,1
DA:79,0
DA:82,1
DA:83,1
DA:84,1
DA:85,1
DA:87,0
DA:92,2
DA:93,2
DA:94,2
DA:95,0
DA:98,2
DA:99,2
DA:100,1
DA:102,1
DA:107,0
DA:108,0
DA:109,0
DA:111,0
DA:116,1
LF:60
LH:45
BRDA:19,0,0,0
BRDA:19,0,1,1
BRDA:34,1,0,0
BRDA:34,1,1,1
BRDA:49,2,0,0
BRDA:49,2,1,3
BRDA:63,3,0,0
BRDA:63,3,1,1
BRDA:78,4,0,0
BRDA:78,4,1,1
BRDA:94,5,0,0
BRDA:94,5,1,2
BRF:12
BRH:6
end_of_record
TN:
SF:controllers\compra.controller.js
FN:22,(anonymous_0)
FN:43,(anonymous_1)
FN:67,(anonymous_2)
FN:97,(anonymous_3)
FN:134,(anonymous_4)
FN:158,(anonymous_5)
FN:178,(anonymous_6)
FNF:7
FNH:3
FNDA:2,(anonymous_0)
FNDA:0,(anonymous_1)
FNDA:1,(anonymous_2)
FNDA:6,(anonymous_3)
FNDA:0,(anonymous_4)
FNDA:0,(anonymous_5)
FNDA:0,(anonymous_6)
DA:2,1
DA:5,1
DA:23,2
DA:25,2
DA:28,2
DA:31,0
DA:44,0
DA:46,0
DA:49,0
DA:52,0
DA:55,0
DA:68,1
DA:70,1
DA:71,1
DA:73,0
DA:77,1
DA:80,1
DA:83,1
DA:85,0
DA:98,6
DA:100,6
DA:101,6
DA:103,0
DA:111,6
DA:115,6
DA:118,3
DA:122,3
DA:123,3
DA:135,0
DA:137,0
DA:140,0
DA:143,0
DA:146,0
DA:159,0
DA:161,0
DA:164,0
DA:166,0
DA:179,0
DA:181,0
DA:184,0
DA:186,0
DA:193,1
LF:42
LH:20
BRDA:71,0,0,0
BRDA:71,0,1,1
BRDA:101,1,0,0
BRDA:101,1,1,6
BRF:4
BRH:2
end_of_record
TN:
SF:controllers\local.controller.js
FN:4,(anonymous_0)
FN:17,(anonymous_1)
FN:27,(anonymous_2)
FN:38,(anonymous_3)
FN:48,(anonymous_4)
FN:58,(anonymous_5)
FN:69,(anonymous_6)
FNF:7
FNH:6
FNDA:2,(anonymous_0)
FNDA:1,(anonymous_1)
FNDA:1,(anonymous_2)
FNDA:2,(anonymous_3)
FNDA:1,(anonymous_4)
FNDA:2,(anonymous_5)
FNDA:0,(anonymous_6)
DA:1,1
DA:5,2
DA:6,2
DA:7,2
DA:8,2
DA:9,1
DA:11,1
DA:13,0
DA:18,1
DA:19,1
DA:20,1
DA:21,1
DA:23,0
DA:28,1
DA:29,1
DA:30,1
DA:31,1
DA:32,1
DA:34,0
DA:39,2
DA:40,2
DA:41,2
DA:42,1
DA:44,1
DA:49,1
DA:50,1
DA:51,1
DA:52,1
DA:54,0
DA:59,2
DA:60,2
DA:61,2
DA:62,2
DA:63,1
DA:65,1
DA:70,0
DA:71,0
DA:72,0
DA:74,0
DA:79,1
LF:40
LH:32
BRDA:8,0,0,1
BRDA:8,0,1,1
BRF:2
BRH:2
end_of_record
TN:
SF:controllers\producto.controller.js
FN:12,(anonymous_0)
FN:37,(anonymous_1)
FN:65,(anonymous_2)
FN:80,(anonymous_3)
FN:89,(anonymous_4)
FN:98,(anonymous_5)
FN:108,(anonymous_6)
FN:119,(anonymous_7)
FN:128,(anonymous_8)
FN:138,(anonymous_9)
FN:148,(anonymous_10)
FN:158,(anonymous_11)
FN:170,(anonymous_12)
FN:185,(anonymous_13)
FN:202,(anonymous_14)
FN:218,(anonymous_15)
FN:233,(anonymous_16)
FN:247,(anonymous_17)
FN:261,(anonymous_18)
FN:278,(anonymous_19)
FN:290,(anonymous_20)
FNF:21
FNH:13
FNDA:2,(anonymous_0)
FNDA:3,(anonymous_1)
FNDA:0,(anonymous_2)
FNDA:3,(anonymous_3)
FNDA:0,(anonymous_4)
FNDA:2,(anonymous_5)
FNDA:1,(anonymous_6)
FNDA:0,(anonymous_7)
FNDA:1,(anonymous_8)
FNDA:1,(anonymous_9)
FNDA:1,(anonymous_10)
FNDA:1,(anonymous_11)
FNDA:0,(anonymous_12)
FNDA:0,(anonymous_13)
FNDA:2,(anonymous_14)
FNDA:0,(anonymous_15)
FNDA:1,(anonymous_16)
FNDA:1,(anonymous_17)
FNDA:0,(anonymous_18)
FNDA:0,(anonymous_19)
FNDA:2,(anonymous_20)
DA:1,1
DA:2,1
DA:13,2
DA:14,2
DA:15,2
DA:16,0
DA:20,2
DA:21,1
DA:23,1
DA:24,1
DA:38,3
DA:39,3
DA:40,3
DA:41,0
DA:43,3
DA:44,3
DA:50,3
DA:52,0
DA:53,0
DA:66,0
DA:67,0
DA:69,0
DA:70,0
DA:73,0
DA:74,0
DA:76,0
DA:81,3
DA:82,3
DA:83,2
DA:85,1
DA:90,0
DA:91,0
DA:92,0
DA:94,0
DA:99,2
DA:100,2
DA:101,2
DA:102,2
DA:104,0
DA:109,1
DA:110,1
DA:111,1
DA:112,1
DA:114,0
DA:115,0
DA:120,0
DA:121,0
DA:122,0
DA:124,0
DA:129,1
DA:130,1
DA:131,1
DA:132,1
DA:134,0
DA:139,1
DA:140,1
DA:141,1
DA:142,1
DA:144,0
DA:149,1
DA:150,1
DA:151,1
DA:152,1
DA:154,0
DA:159,1
DA:160,1
DA:161,1
DA:162,1
DA:164,0
DA:171,0
DA:172,0
DA:173,0
DA:174,0
DA:177,0
DA:178,0
DA:179,0
DA:181,0
DA:186,0
DA:187,0
DA:188,0
DA:189,0
DA:192,0
DA:193,0
DA:194,0
DA:196,0
DA:203,2
DA:204,2
DA:205,2
DA:206,0
DA:209,2
DA:210,2
DA:211,2
DA:212,2
DA:214,0
DA:219,0
DA:220,0
DA:221,0
DA:222,0
DA:225,0
DA:226,0
DA:227,0
DA:229,0
DA:234,1
DA:235,1
DA:236,1
DA:237,0
DA:240,1
DA:241,1
DA:243,0
DA:248,1
DA:249,1
DA:250,1
DA:251,0
DA:254,1
DA:255,1
DA:257,0
DA:262,0
DA:263,0
DA:264,0
DA:265,0
DA:268,0
DA:269,0
DA:270,0
DA:272,0
DA:279,0
DA:280,0
DA:281,0
DA:282,0
DA:284,0
DA:291,2
DA:292,2
DA:293,2
DA:294,2
DA:296,0
DA:301,1
LF:135
LH:65
BRDA:15,0,0,0
BRDA:15,0,1,2
BRDA:40,1,0,0
BRDA:40,1,1,3
BRDA:69,2,0,0
BRDA:69,2,1,0
BRDA:100,3,0,2
BRDA:100,3,1,1
BRDA:130,4,0,1
BRDA:130,4,1,1
BRDA:140,5,0,1
BRDA:140,5,1,1
BRDA:150,6,0,1
BRDA:150,6,1,1
BRDA:173,7,0,0
BRDA:173,7,1,0
BRDA:188,8,0,0
BRDA:188,8,1,0
BRDA:205,9,0,0
BRDA:205,9,1,2
BRDA:221,10,0,0
BRDA:221,10,1,0
BRDA:236,11,0,0
BRDA:236,11,1,1
BRDA:250,12,0,0
BRDA:250,12,1,1
BRDA:264,13,0,0
BRDA:264,13,1,0
BRF:28
BRH:13
end_of_record
TN:
SF:controllers\proveedor.controller.js
FN:23,(anonymous_0)
FN:52,(anonymous_1)
FN:83,(anonymous_2)
FN:103,(anonymous_3)
FN:123,(anonymous_4)
FN:153,(anonymous_5)
FN:186,(anonymous_6)
FNF:7
FNH:5
FNDA:2,(anonymous_0)
FNDA:2,(anonymous_1)
FNDA:2,(anonymous_2)
FNDA:1,(anonymous_3)
FNDA:0,(anonymous_4)
FNDA:2,(anonymous_5)
FNDA:0,(anonymous_6)
DA:2,1
DA:5,1
DA:24,2
DA:26,2
DA:29,2
DA:30,0
DA:34,2
DA:37,1
DA:40,1
DA:53,2
DA:55,2
DA:58,2
DA:59,0
DA:63,2
DA:66,2
DA:69,1
DA:71,1
DA:84,2
DA:86,2
DA:89,2
DA:91,0
DA:104,1
DA:106,1
DA:109,1
DA:111,0
DA:124,0
DA:126,0
DA:129,0
DA:130,0
DA:134,0
DA:137,0
DA:140,0
DA:142,0
DA:154,2
DA:156,2
DA:159,2
DA:162,2
DA:165,1
DA:171,1
DA:187,0
DA:189,0
DA:192,0
DA:193,0
DA:197,0
DA:200,0
DA:203,0
DA:205,0
DA:212,1
LF:48
LH:28
BRDA:29,0,0,0
BRDA:29,0,1,2
BRDA:58,1,0,0
BRDA:58,1,1,2
BRDA:129,2,0,0
BRDA:129,2,1,0
BRDA:167,3,0,0
BRDA:167,3,1,1
BRDA:192,4,0,0
BRDA:192,4,1,0
BRF:10
BRH:3
end_of_record
TN:
SF:controllers\venta.controller.js
FN:25,(anonymous_0)
FN:46,(anonymous_1)
FN:67,(anonymous_2)
FN:130,(anonymous_3)
FN:160,(anonymous_4)
FN:180,(anonymous_5)
FN:203,(anonymous_6)
FN:226,(anonymous_7)
FN:246,(anonymous_8)
FN:269,(anonymous_9)
FN:297,(anonymous_10)
FN:317,(anonymous_11)
FN:340,(anonymous_12)
FNF:13
FNH:1
FNDA:0,(anonymous_0)
FNDA:2,(anonymous_1)
FNDA:0,(anonymous_2)
FNDA:0,(anonymous_3)
FNDA:0,(anonymous_4)
FNDA:0,(anonymous_5)
FNDA:0,(anonymous_6)
FNDA:0,(anonymous_7)
FNDA:0,(anonymous_8)
FNDA:0,(anonymous_9)
FNDA:0,(anonymous_10)
FNDA:0,(anonymous_11)
FNDA:0,(anonymous_12)
DA:2,4
DA:5,4
DA:8,4
DA:26,0
DA:28,0
DA:31,0
DA:34,0
DA:47,2
DA:50,2
DA:53,1
DA:56,1
DA:68,0
DA:70,0
DA:73,0
DA:74,0
DA:80,0
DA:83,0
DA:86,0
DA:89,0
DA:93,0
DA:96,0
DA:99,0
DA:110,0
DA:117,0
DA:118,0
DA:131,0
DA:133,0
DA:136,0
DA:137,0
DA:143,0
DA:146,0
DA:148,0
DA:161,0
DA:163,0
DA:166,0
DA:168,0
DA:181,0
DA:183,0
DA:186,0
DA:189,0
DA:191,0
DA:204,0
DA:206,0
DA:209,0
DA:214,0
DA:227,0
DA:229,0
DA:232,0
DA:234,0
DA:247,0
DA:249,0
DA:252,0
DA:255,0
DA:257,0
DA:270,0
DA:272,0
DA:275,0
DA:283,0
DA:285,0
DA:298,0
DA:300,0
DA:303,0
DA:305,0
DA:318,0
DA:320,0
DA:323,0
DA:326,0
DA:328,0
DA:341,0
DA:343,0
DA:346,0
DA:349,0
DA:351,0
DA:357,4
LF:74
LH:8
BRDA:73,0,0,0
BRDA:73,0,1,0
BRDA:73,1,0,0
BRDA:73,1,1,0
BRDA:93,2,0,0
BRDA:93,2,1,0
BRDA:101,3,0,0
BRDA:101,3,1,0
BRDA:102,4,0,0
BRDA:102,4,1,0
BRDA:103,5,0,0
BRDA:103,5,1,0
BRDA:104,6,0,0
BRDA:104,6,1,0
BRDA:104,7,0,0
BRDA:104,7,1,0
BRDA:136,8,0,0
BRDA:136,8,1,0
BRDA:136,9,0,0
BRDA:136,9,1,0
BRDA:183,10,0,0
BRDA:183,10,1,0
BRF:22
BRH:0
end_of_record
TN:
SF:managers\paymentManager.js
FN:35,(anonymous_0)
FN:70,(anonymous_1)
FNF:2
FNH:0
FNDA:0,(anonymous_0)
FNDA:0,(anonymous_1)
DA:2,6
DA:37,0
DA:72,0
DA:76,0
DA:81,6
LF:5
LH:2
BRF:0
BRH:0
end_of_record
TN:
SF:models\categoria.model.js
FN:3,(anonymous_0)
FN:4,(anonymous_1)
FN:5,(anonymous_2)
FN:14,(anonymous_3)
FN:19,(anonymous_4)
FN:24,(anonymous_5)
FN:30,(anonymous_6)
FN:43,(anonymous_7)
FN:50,(anonymous_8)
FN:57,(anonymous_9)
FN:63,(anonymous_10)
FN:69,(anonymous_11)
FN:75,(anonymous_12)
FNF:13
FNH:0
FNDA:0,(anonymous_0)
FNDA:0,(anonymous_1)
FNDA:0,(anonymous_2)
FNDA:0,(anonymous_3)
FNDA:0,(anonymous_4)
FNDA:0,(anonymous_5)
FNDA:0,(anonymous_6)
FNDA:0,(anonymous_7)
FNDA:0,(anonymous_8)
FNDA:0,(anonymous_9)
FNDA:0,(anonymous_10)
FNDA:0,(anonymous_11)
FNDA:0,(anonymous_12)
DA:1,1
DA:3,1
DA:4,0
DA:5,0
DA:6,0
DA:7,0
DA:15,0
DA:16,0
DA:20,0
DA:21,0
DA:25,0
DA:26,0
DA:27,0
DA:31,0
DA:32,0
DA:34,0
DA:35,0
DA:36,0
DA:39,0
DA:40,0
DA:44,0
DA:45,0
DA:46,0
DA:47,0
DA:51,0
DA:52,0
DA:53,0
DA:54,0
DA:58,0
DA:59,0
DA:60,0
DA:64,0
DA:65,0
DA:66,0
DA:70,0
DA:71,0
DA:72,0
DA:76,0
DA:77,0
DA:78,0
DA:82,1
LF:41
LH:3
BRDA:6,0,0,0
BRDA:6,0,1,0
BRDA:27,1,0,0
BRDA:27,1,1,0
BRDA:30,2,0,0
BRDA:34,3,0,0
BRDA:34,3,1,0
BRDA:46,4,0,0
BRDA:46,4,1,0
BRDA:78,5,0,0
BRDA:78,5,1,0
BRF:11
BRH:0
end_of_record
TN:
SF:models\cliente.model.js
FN:4,(anonymous_0)
FN:5,(anonymous_1)
FN:15,(anonymous_2)
FN:22,(anonymous_3)
FN:23,(anonymous_4)
FN:35,(anonymous_5)
FN:42,(anonymous_6)
FN:43,(anonymous_7)
FN:50,(anonymous_8)
FN:57,(anonymous_9)
FN:58,(anonymous_10)
FN:65,(anonymous_11)
FN:72,(anonymous_12)
FN:73,(anonymous_13)
FN:86,(anonymous_14)
FN:93,(anonymous_15)
FN:94,(anonymous_16)
FN:105,(anonymous_17)
FN:112,(anonymous_18)
FN:113,(anonymous_19)
FN:117,(anonymous_20)
FN:125,(anonymous_21)
FN:126,(anonymous_22)
FN:130,(anonymous_23)
FN:138,(anonymous_24)
FN:139,(anonymous_25)
FN:143,(anonymous_26)
FN:151,(anonymous_27)
FN:152,(anonymous_28)
FN:155,(anonymous_29)
FNF:30
FNH:0
FNDA:0,(anonymous_0)
FNDA:0,(anonymous_1)
FNDA:0,(anonymous_2)
FNDA:0,(anonymous_3)
FNDA:0,(anonymous_4)
FNDA:0,(anonymous_5)
FNDA:0,(anonymous_6)
FNDA:0,(anonymous_7)
FNDA:0,(anonymous_8)
FNDA:0,(anonymous_9)
FNDA:0,(anonymous_10)
FNDA:0,(anonymous_11)
FNDA:0,(anonymous_12)
FNDA:0,(anonymous_13)
FNDA:0,(anonymous_14)
FNDA:0,(anonymous_15)
FNDA:0,(anonymous_16)
FNDA:0,(anonymous_17)
FNDA:0,(anonymous_18)
FNDA:0,(anonymous_19)
FNDA:0,(anonymous_20)
FNDA:0,(anonymous_21)
FNDA:0,(anonymous_22)
FNDA:0,(anonymous_23)
FNDA:0,(anonymous_24)
FNDA:0,(anonymous_25)
FNDA:0,(anonymous_26)
FNDA:0,(anonymous_27)
FNDA:0,(anonymous_28)
FNDA:0,(anonymous_29)
DA:1,1
DA:5,0
DA:6,0
DA:11,0
DA:12,0
DA:13,0
DA:15,0
DA:16,0
DA:17,0
DA:23,0
DA:24,0
DA:33,0
DA:35,0
DA:36,0
DA:37,0
DA:43,0
DA:44,0
DA:50,0
DA:51,0
DA:52,0
DA:58,0
DA:59,0
DA:60,0
DA:61,0
DA:62,0
DA:63,0
DA:65,0
DA:66,0
DA:67,0
DA:73,0
DA:74,0
DA:75,0
DA:79,0
DA:87,0
DA:88,0
DA:94,0
DA:95,0
DA:96,0
DA:102,0
DA:106,0
DA:107,0
DA:113,0
DA:114,0
DA:118,0
DA:119,0
DA:126,0
DA:127,0
DA:131,0
DA:132,0
DA:139,0
DA:140,0
DA:144,0
DA:145,0
DA:152,0
DA:153,0
DA:156,0
DA:157,0
DA:164,1
LF:58
LH:2
BRDA:11,0,0,0
BRDA:11,0,1,0
BRDA:12,1,0,0
BRDA:12,1,1,0
BRDA:16,2,0,0
BRDA:16,2,1,0
BRDA:36,3,0,0
BRDA:36,3,1,0
BRDA:51,4,0,0
BRDA:51,4,1,0
BRDA:57,5,0,0
BRDA:61,6,0,0
BRDA:61,6,1,0
BRDA:66,7,0,0
BRDA:66,7,1,0
BRDA:82,8,0,0
BRDA:82,8,1,0
BRDA:83,9,0,0
BRDA:83,9,1,0
BRDA:85,10,0,0
BRDA:85,10,1,0
BRDA:87,11,0,0
BRDA:87,11,1,0
BRDA:103,12,0,0
BRDA:103,12,1,0
BRDA:104,13,0,0
BRDA:104,13,1,0
BRDA:106,14,0,0
BRDA:106,14,1,0
BRDA:118,15,0,0
BRDA:118,15,1,0
BRDA:131,16,0,0
BRDA:131,16,1,0
BRDA:144,17,0,0
BRDA:144,17,1,0
BRDA:156,18,0,0
BRDA:156,18,1,0
BRF:37
BRH:0
end_of_record
TN:
SF:models\compra.model.js
FN:3,(anonymous_0)
FN:4,(anonymous_1)
FN:5,(anonymous_2)
FN:14,(anonymous_3)
FN:25,(anonymous_4)
FN:47,(anonymous_5)
FN:57,(anonymous_6)
FN:60,(anonymous_7)
FN:65,(anonymous_8)
FN:70,(anonymous_9)
FN:86,(anonymous_10)
FN:102,(anonymous_11)
FN:123,(anonymous_12)
FNF:13
FNH:0
FNDA:0,(anonymous_0)
FNDA:0,(anonymous_1)
FNDA:0,(anonymous_2)
FNDA:0,(anonymous_3)
FNDA:0,(anonymous_4)
FNDA:0,(anonymous_5)
FNDA:0,(anonymous_6)
FNDA:0,(anonymous_7)
FNDA:0,(anonymous_8)
FNDA:0,(anonymous_9)
FNDA:0,(anonymous_10)
FNDA:0,(anonymous_11)
FNDA:0,(anonymous_12)
DA:1,2
DA:3,2
DA:4,0
DA:5,0
DA:6,0
DA:7,0
DA:15,0
DA:22,0
DA:26,0
DA:32,0
DA:34,0
DA:36,0
DA:42,0
DA:44,0
DA:48,0
DA:49,0
DA:53,0
DA:54,0
DA:58,0
DA:60,0
DA:61,0
DA:62,0
DA:66,0
DA:67,0
DA:71,0
DA:83,0
DA:87,0
DA:99,0
DA:104,0
DA:105,0
DA:110,0
DA:111,0
DA:112,0
DA:114,0
DA:115,0
DA:118,0
DA:119,0
DA:124,0
DA:125,0
DA:129,2
LF:40
LH:3
BRDA:6,0,0,0
BRDA:6,0,1,0
BRDA:34,1,0,0
BRDA:34,1,1,0
BRDA:53,2,0,0
BRDA:53,2,1,0
BRDA:58,3,0,0
BRDA:58,3,1,0
BRDA:58,4,0,0
BRDA:58,4,1,0
BRDA:70,5,0,0
BRDA:110,6,0,0
BRDA:110,6,1,0
BRF:13
BRH:0
end_of_record
TN:
SF:models\local.model.js
FN:3,(anonymous_0)
FN:4,(anonymous_1)
FN:5,(anonymous_2)
FN:14,(anonymous_3)
FN:26,(anonymous_4)
FN:38,(anonymous_5)
FN:51,(anonymous_6)
FN:78,(anonymous_7)
FN:92,(anonymous_8)
FN:132,(anonymous_9)
FNF:10
FNH:0
FNDA:0,(anonymous_0)
FNDA:0,(anonymous_1)
FNDA:0,(anonymous_2)
FNDA:0,(anonymous_3)
FNDA:0,(anonymous_4)
FNDA:0,(anonymous_5)
FNDA:0,(anonymous_6)
FNDA:0,(anonymous_7)
FNDA:0,(anonymous_8)
FNDA:0,(anonymous_9)
DA:1,1
DA:3,1
DA:4,0
DA:5,0
DA:6,0
DA:7,0
DA:15,0
DA:21,0
DA:22,0
DA:27,0
DA:34,0
DA:40,0
DA:43,0
DA:46,0
DA:47,0
DA:52,0
DA:55,0
DA:60,0
DA:63,0
DA:69,0
DA:74,0
DA:79,0
DA:81,0
DA:88,0
DA:94,0
DA:99,0
DA:100,0
DA:104,0
DA:109,0
DA:112,0
DA:118,0
DA:119,0
DA:126,0
DA:128,0
DA:133,0
DA:137,1
LF:36
LH:3
BRDA:6,0,0,0
BRDA:6,0,1,0
BRDA:22,1,0,0
BRDA:22,1,1,0
BRDA:99,2,0,0
BRDA:99,2,1,0
BRDA:118,3,0,0
BRDA:118,3,1,0
BRF:8
BRH:0
end_of_record
TN:
SF:models\producto.model.js
FN:3,(anonymous_0)
FN:4,(anonymous_1)
FN:5,(anonymous_2)
FN:16,(anonymous_3)
FN:28,(anonymous_4)
FN:86,(anonymous_5)
FN:103,(anonymous_6)
FN:111,(anonymous_7)
FN:124,(anonymous_8)
FN:138,(anonymous_9)
FN:161,(anonymous_10)
FN:182,(anonymous_11)
FN:194,(anonymous_12)
FN:209,(anonymous_13)
FN:224,(anonymous_14)
FN:238,(anonymous_15)
FN:255,(anonymous_16)
FN:270,(anonymous_17)
FN:282,(anonymous_18)
FN:292,(anonymous_19)
FN:298,(anonymous_20)
FN:318,(anonymous_21)
FN:326,(anonymous_22)
FN:334,(anonymous_23)
FN:348,(anonymous_24)
FN:361,(anonymous_25)
FN:368,(anonymous_26)
FN:373,(anonymous_27)
FN:380,(anonymous_28)
FN:397,(anonymous_29)
FN:402,(anonymous_30)
FN:414,(anonymous_31)
FN:419,(anonymous_32)
FNF:33
FNH:0
FNDA:0,(anonymous_0)
FNDA:0,(anonymous_1)
FNDA:0,(anonymous_2)
FNDA:0,(anonymous_3)
FNDA:0,(anonymous_4)
FNDA:0,(anonymous_5)
FNDA:0,(anonymous_6)
FNDA:0,(anonymous_7)
FNDA:0,(anonymous_8)
FNDA:0,(anonymous_9)
FNDA:0,(anonymous_10)
FNDA:0,(anonymous_11)
FNDA:0,(anonymous_12)
FNDA:0,(anonymous_13)
FNDA:0,(anonymous_14)
FNDA:0,(anonymous_15)
FNDA:0,(anonymous_16)
FNDA:0,(anonymous_17)
FNDA:0,(anonymous_18)
FNDA:0,(anonymous_19)
FNDA:0,(anonymous_20)
FNDA:0,(anonymous_21)
FNDA:0,(anonymous_22)
FNDA:0,(anonymous_23)
FNDA:0,(anonymous_24)
FNDA:0,(anonymous_25)
FNDA:0,(anonymous_26)
FNDA:0,(anonymous_27)
FNDA:0,(anonymous_28)
FNDA:0,(anonymous_29)
FNDA:0,(anonymous_30)
FNDA:0,(anonymous_31)
FNDA:0,(anonymous_32)
DA:1,1
DA:3,1
DA:4,0
DA:5,0
DA:6,0
DA:7,0
DA:17,0
DA:18,0
DA:22,0
DA:23,0
DA:29,0
DA:31,0
DA:43,0
DA:55,0
DA:58,0
DA:63,0
DA:65,0
DA:71,0
DA:78,0
DA:87,0
DA:93,0
DA:94,0
DA:104,0
DA:108,0
DA:112,0
DA:121,0
DA:125,0
DA:135,0
DA:139,0
DA:158,0
DA:162,0
DA:179,0
DA:183,0
DA:190,0
DA:191,0
DA:195,0
DA:206,0
DA:210,0
DA:221,0
DA:225,0
DA:235,0
DA:239,0
DA:252,0
DA:256,0
DA:267,0
DA:271,0
DA:277,0
DA:283,0
DA:284,0
DA:289,0
DA:293,0
DA:294,0
DA:295,0
DA:300,0
DA:302,0
DA:303,0
DA:306,0
DA:310,0
DA:315,0
DA:319,0
DA:323,0
DA:327,0
DA:331,0
DA:335,0
DA:345,0
DA:349,0
DA:358,0
DA:362,0
DA:363,0
DA:369,0
DA:370,0
DA:374,0
DA:375,0
DA:381,0
DA:382,0
DA:396,0
DA:397,0
DA:403,0
DA:411,0
DA:415,0
DA:416,0
DA:420,0
DA:424,0
DA:430,1
LF:84
LH:3
BRDA:6,0,0,0
BRDA:6,0,1,0
BRDA:22,1,0,0
BRDA:22,1,1,0
BRDA:49,2,0,0
BRDA:49,2,1,0
BRDA:50,3,0,0
BRDA:50,3,1,0
BRDA:55,4,0,0
BRDA:55,4,1,0
BRDA:55,5,0,0
BRDA:55,5,1,0
BRDA:55,5,2,0
BRDA:55,5,3,0
BRDA:63,6,0,0
BRDA:63,6,1,0
BRDA:94,7,0,0
BRDA:94,7,1,0
BRDA:108,8,0,0
BRDA:108,8,1,0
BRDA:191,9,0,0
BRDA:191,9,1,0
BRDA:289,10,0,0
BRDA:289,10,1,0
BRDA:289,11,0,0
BRDA:289,11,1,0
BRDA:302,12,0,0
BRDA:302,12,1,0
BRDA:323,13,0,0
BRDA:323,13,1,0
BRDA:331,14,0,0
BRDA:331,14,1,0
BRDA:416,15,0,0
BRDA:416,15,1,0
BRDA:424,16,0,0
BRDA:424,16,1,0
BRF:36
BRH:0
end_of_record
TN:
SF:models\proveedor.model.js
FN:3,(anonymous_0)
FN:4,(anonymous_1)
FN:5,(anonymous_2)
FN:14,(anonymous_3)
FN:24,(anonymous_4)
FN:34,(anonymous_5)
FN:39,(anonymous_6)
FN:44,(anonymous_7)
FN:50,(anonymous_8)
FN:56,(anonymous_9)
FN:62,(anonymous_10)
FN:75,(anonymous_11)
FN:88,(anonymous_12)
FN:93,(anonymous_13)
FNF:14
FNH:0
FNDA:0,(anonymous_0)
FNDA:0,(anonymous_1)
FNDA:0,(anonymous_2)
FNDA:0,(anonymous_3)
FNDA:0,(anonymous_4)
FNDA:0,(anonymous_5)
FNDA:0,(anonymous_6)
FNDA:0,(anonymous_7)
FNDA:0,(anonymous_8)
FNDA:0,(anonymous_9)
FNDA:0,(anonymous_10)
FNDA:0,(anonymous_11)
FNDA:0,(anonymous_12)
FNDA:0,(anonymous_13)
DA:1,2
DA:3,2
DA:4,0
DA:5,0
DA:6,0
DA:7,0
DA:15,0
DA:16,0
DA:20,0
DA:21,0
DA:25,0
DA:26,0
DA:31,0
DA:35,0
DA:36,0
DA:40,0
DA:41,0
DA:45,0
DA:46,0
DA:47,0
DA:51,0
DA:52,0
DA:53,0
DA:57,0
DA:58,0
DA:59,0
DA:63,0
DA:64,0
DA:68,0
DA:70,0
DA:71,0
DA:76,0
DA:77,0
DA:81,0
DA:83,0
DA:84,0
DA:89,0
DA:90,0
DA:94,0
DA:95,0
DA:98,2
LF:41
LH:3
BRDA:6,0,0,0
BRDA:6,0,1,0
BRDA:20,1,0,0
BRDA:20,1,1,0
BRDA:31,2,0,0
BRDA:31,2,1,0
BRDA:90,3,0,0
BRDA:90,3,1,0
BRDA:95,4,0,0
BRDA:95,4,1,0
BRF:10
BRH:0
end_of_record
TN:
SF:models\venta.model.js
FN:3,(anonymous_0)
FN:4,(anonymous_1)
FN:5,(anonymous_2)
FN:15,(anonymous_3)
FN:27,(anonymous_4)
FN:63,(anonymous_5)
FN:66,(anonymous_6)
FN:72,(anonymous_7)
FN:88,(anonymous_8)
FN:91,(anonymous_9)
FN:100,(anonymous_10)
FN:107,(anonymous_11)
FN:130,(anonymous_12)
FN:137,(anonymous_13)
FN:149,(anonymous_14)
FN:155,(anonymous_15)
FN:196,(anonymous_16)
FN:206,(anonymous_17)
FN:219,(anonymous_18)
FN:245,(anonymous_19)
FNF:20
FNH:0
FNDA:0,(anonymous_0)
FNDA:0,(anonymous_1)
FNDA:0,(anonymous_2)
FNDA:0,(anonymous_3)
FNDA:0,(anonymous_4)
FNDA:0,(anonymous_5)
FNDA:0,(anonymous_6)
FNDA:0,(anonymous_7)
FNDA:0,(anonymous_8)
FNDA:0,(anonymous_9)
FNDA:0,(anonymous_10)
FNDA:0,(anonymous_11)
FNDA:0,(anonymous_12)
FNDA:0,(anonymous_13)
FNDA:0,(anonymous_14)
FNDA:0,(anonymous_15)
FNDA:0,(anonymous_16)
FNDA:0,(anonymous_17)
FNDA:0,(anonymous_18)
FNDA:0,(anonymous_19)
DA:1,5
DA:3,5
DA:4,0
DA:5,0
DA:6,0
DA:7,0
DA:16,0
DA:23,0
DA:28,0
DA:29,0
DA:40,0
DA:42,0
DA:43,0
DA:44,0
DA:45,0
DA:46,0
DA:47,0
DA:50,0
DA:51,0
DA:54,0
DA:57,0
DA:58,0
DA:64,0
DA:66,0
DA:67,0
DA:68,0
DA:74,0
DA:82,0
DA:84,0
DA:89,0
DA:91,0
DA:100,0
DA:101,0
DA:103,0
DA:108,0
DA:128,0
DA:130,0
DA:138,0
DA:145,0
DA:150,0
DA:151,0
DA:156,0
DA:184,0
DA:186,0
DA:197,0
DA:198,0
DA:201,0
DA:202,0
DA:207,0
DA:215,0
DA:220,0
DA:233,0
DA:235,0
DA:236,0
DA:237,0
DA:240,0
DA:241,0
DA:246,0
DA:247,0
DA:248,0
DA:252,5
LF:61
LH:3
BRDA:6,0,0,0
BRDA:6,0,1,0
BRDA:36,1,0,0
BRDA:36,1,1,0
BRDA:42,2,0,0
BRDA:42,2,1,0
BRDA:42,3,0,0
BRDA:42,3,1,0
BRDA:42,3,2,0
BRDA:42,3,3,0
BRDA:44,4,0,0
BRDA:44,4,1,0
BRDA:44,5,0,0
BRDA:44,5,1,0
BRDA:44,5,2,0
BRDA:46,6,0,0
BRDA:46,6,1,0
BRDA:46,7,0,0
BRDA:46,7,1,0
BRDA:50,8,0,0
BRDA:50,8,1,0
BRDA:64,9,0,0
BRDA:64,9,1,0
BRDA:64,10,0,0
BRDA:64,10,1,0
BRDA:89,11,0,0
BRDA:89,11,1,0
BRDA:89,12,0,0
BRDA:89,12,1,0
BRDA:94,13,0,0
BRDA:94,13,1,0
BRDA:95,14,0,0
BRDA:95,14,1,0
BRDA:97,15,0,0
BRDA:97,15,1,0
BRDA:132,16,0,0
BRDA:132,16,1,0
BRDA:187,17,0,0
BRDA:187,17,1,0
BRDA:188,18,0,0
BRDA:188,18,1,0
BRDA:189,19,0,0
BRDA:189,19,1,0
BRDA:190,20,0,0
BRDA:190,20,1,0
BRDA:191,21,0,0
BRDA:191,21,1,0
BRDA:235,22,0,0
BRDA:235,22,1,0
BRDA:235,23,0,0
BRDA:235,23,1,0
BRF:51
BRH:0
end_of_record
TN:
SF:services\cliente.service.js
FN:4,(anonymous_0)
FN:8,(anonymous_1)
FN:15,(anonymous_2)
FN:23,(anonymous_3)
FN:38,(anonymous_4)
FN:59,(anonymous_5)
FN:74,(anonymous_6)
FN:93,(anonymous_7)
FNF:8
FNH:0
FNDA:0,(anonymous_0)
FNDA:0,(anonymous_1)
FNDA:0,(anonymous_2)
FNDA:0,(anonymous_3)
FNDA:0,(anonymous_4)
FNDA:0,(anonymous_5)
FNDA:0,(anonymous_6)
FNDA:0,(anonymous_7)
DA:1,1
DA:5,0
DA:9,0
DA:10,0
DA:12,0
DA:16,0
DA:17,0
DA:18,0
DA:20,0
DA:24,0
DA:26,0
DA:27,0
DA:28,0
DA:31,0
DA:32,0
DA:39,0
DA:41,0
DA:42,0
DA:43,0
DA:46,0
DA:47,0
DA:48,0
DA:51,0
DA:52,0
DA:53,0
DA:56,0
DA:60,0
DA:61,0
DA:62,0
DA:65,0
DA:66,0
DA:67,0
DA:70,0
DA:71,0
DA:75,0
DA:76,0
DA:77,0
DA:80,0
DA:81,0
DA:82,0
DA:85,0
DA:86,0
DA:87,0
DA:90,0
DA:94,0
DA:98,1
LF:46
LH:2
BRDA:9,0,0,0
BRDA:9,0,1,0
BRDA:9,1,0,0
BRDA:9,1,1,0
BRDA:17,2,0,0
BRDA:17,2,1,0
BRDA:27,3,0,0
BRDA:27,3,1,0
BRDA:42,4,0,0
BRDA:42,4,1,0
BRDA:47,5,0,0
BRDA:47,5,1,0
BRDA:52,6,0,0
BRDA:52,6,1,0
BRDA:61,7,0,0
BRDA:61,7,1,0
BRDA:66,8,0,0
BRDA:66,8,1,0
BRDA:70,9,0,0
BRDA:70,9,1,0
BRDA:76,10,0,0
BRDA:76,10,1,0
BRDA:81,11,0,0
BRDA:81,11,1,0
BRDA:86,12,0,0
BRDA:86,12,1,0
BRF:26
BRH:0
end_of_record
TN:
SF:services\compra.service.js
FN:18,(anonymous_0)
FN:23,(anonymous_1)
FN:38,(anonymous_2)
FN:54,(anonymous_3)
FN:77,(anonymous_4)
FN:97,(anonymous_5)
FN:124,(anonymous_6)
FN:174,(anonymous_7)
FN:179,(anonymous_8)
FN:192,(anonymous_9)
FN:202,(anonymous_10)
FN:207,(anonymous_11)
FNF:12
FNH:10
FNDA:2,(anonymous_0)
FNDA:2,(anonymous_1)
FNDA:2,(anonymous_2)
FNDA:2,(anonymous_3)
FNDA:3,(anonymous_4)
FNDA:6,(anonymous_5)
FNDA:4,(anonymous_6)
FNDA:0,(anonymous_7)
FNDA:0,(anonymous_8)
FNDA:1,(anonymous_9)
FNDA:1,(anonymous_10)
FNDA:2,(anonymous_11)
DA:2,2
DA:20,2
DA:23,2
DA:40,2
DA:43,2
DA:44,1
DA:48,1
DA:54,2
DA:79,3
DA:83,3
DA:97,6
DA:107,3
DA:110,3
DA:127,4
DA:130,4
DA:131,1
DA:135,3
DA:136,1
DA:140,2
DA:143,2
DA:144,1
DA:149,1
DA:151,2
DA:160,1
DA:163,1
DA:176,0
DA:179,0
DA:194,1
DA:204,1
DA:207,2
DA:216,2
LF:31
LH:29
BRDA:43,0,0,1
BRDA:43,0,1,1
BRDA:86,1,0,3
BRDA:86,1,1,1
BRDA:87,2,0,3
BRDA:87,2,1,1
BRDA:101,3,0,6
BRDA:101,3,1,3
BRDA:101,3,2,3
BRDA:103,4,0,6
BRDA:103,4,1,3
BRDA:103,4,2,3
BRDA:130,5,0,1
BRDA:130,5,1,3
BRDA:135,6,0,1
BRDA:135,6,1,2
BRDA:143,7,0,1
BRDA:143,7,1,1
BRF:18
BRH:18
end_of_record
TN:
SF:services\local.service.js
FN:4,(anonymous_0)
FN:8,(anonymous_1)
FN:12,(anonymous_2)
FN:16,(anonymous_3)
FN:23,(anonymous_4)
FN:27,(anonymous_5)
FN:31,(anonymous_6)
FNF:7
FNH:0
FNDA:0,(anonymous_0)
FNDA:0,(anonymous_1)
FNDA:0,(anonymous_2)
FNDA:0,(anonymous_3)
FNDA:0,(anonymous_4)
FNDA:0,(anonymous_5)
FNDA:0,(anonymous_6)
DA:1,1
DA:5,0
DA:9,0
DA:13,0
DA:17,0
DA:18,0
DA:20,0
DA:24,0
DA:28,0
DA:32,0
DA:36,1
LF:11
LH:2
BRDA:17,0,0,0
BRDA:17,0,1,0
BRF:2
BRH:0
end_of_record
TN:
SF:services\producto.service.js
FN:14,(anonymous_0)
FN:46,(anonymous_1)
FN:78,(anonymous_2)
FN:137,(anonymous_3)
FN:141,(anonymous_4)
FN:145,(anonymous_5)
FN:149,(anonymous_6)
FN:153,(anonymous_7)
FN:157,(anonymous_8)
FN:161,(anonymous_9)
FN:165,(anonymous_10)
FN:169,(anonymous_11)
FN:173,(anonymous_12)
FN:179,(anonymous_13)
FN:187,(anonymous_14)
FN:191,(anonymous_15)
FN:195,(anonymous_16)
FN:201,(anonymous_17)
FN:206,(anonymous_18)
FN:211,(anonymous_19)
FN:215,(anonymous_20)
FNF:21
FNH:0
FNDA:0,(anonymous_0)
FNDA:0,(anonymous_1)
FNDA:0,(anonymous_2)
FNDA:0,(anonymous_3)
FNDA:0,(anonymous_4)
FNDA:0,(anonymous_5)
FNDA:0,(anonymous_6)
FNDA:0,(anonymous_7)
FNDA:0,(anonymous_8)
FNDA:0,(anonymous_9)
FNDA:0,(anonymous_10)
FNDA:0,(anonymous_11)
FNDA:0,(anonymous_12)
FNDA:0,(anonymous_13)
FNDA:0,(anonymous_14)
FNDA:0,(anonymous_15)
FNDA:0,(anonymous_16)
FNDA:0,(anonymous_17)
FNDA:0,(anonymous_18)
FNDA:0,(anonymous_19)
FNDA:0,(anonymous_20)
DA:2,1
DA:3,1
DA:16,0
DA:17,0
DA:18,0
DA:22,0
DA:25,0
DA:27,0
DA:28,0
DA:32,0
DA:33,0
DA:35,0
DA:36,0
DA:40,0
DA:41,0
DA:43,0
DA:47,0
DA:48,0
DA:51,0
DA:52,0
DA:53,0
DA:55,0
DA:59,0
DA:60,0
DA:61,0
DA:64,0
DA:66,0
DA:67,0
DA:75,0
DA:79,0
DA:82,0
DA:83,0
DA:84,0
DA:85,0
DA:90,0
DA:92,0
DA:93,0
DA:97,0
DA:99,0
DA:100,0
DA:102,0
DA:103,0
DA:104,0
DA:105,0
DA:106,0
DA:107,0
DA:112,0
DA:122,0
DA:129,0
DA:138,0
DA:142,0
DA:146,0
DA:150,0
DA:154,0
DA:158,0
DA:162,0
DA:166,0
DA:170,0
DA:174,0
DA:175,0
DA:176,0
DA:180,0
DA:181,0
DA:182,0
DA:188,0
DA:192,0
DA:196,0
DA:197,0
DA:198,0
DA:202,0
DA:203,0
DA:207,0
DA:208,0
DA:212,0
DA:216,0
DA:220,1
LF:76
LH:3
BRDA:17,0,0,0
BRDA:17,0,1,0
BRDA:27,1,0,0
BRDA:27,1,1,0
BRDA:35,2,0,0
BRDA:35,2,1,0
BRDA:47,3,0,0
BRDA:47,3,1,0
BRDA:51,4,0,0
BRDA:51,4,1,0
BRDA:51,5,0,0
BRDA:51,5,1,0
BRDA:52,6,0,0
BRDA:52,6,1,0
BRDA:60,7,0,0
BRDA:60,7,1,0
BRDA:66,8,0,0
BRDA:66,8,1,0
BRDA:66,9,0,0
BRDA:66,9,1,0
BRDA:82,10,0,0
BRDA:82,10,1,0
BRDA:84,11,0,0
BRDA:84,11,1,0
BRDA:92,12,0,0
BRDA:92,12,1,0
BRDA:99,13,0,0
BRDA:99,13,1,0
BRDA:104,14,0,0
BRDA:104,14,1,0
BRDA:106,15,0,0
BRDA:106,15,1,0
BRDA:125,16,0,0
BRDA:125,16,1,0
BRDA:126,17,0,0
BRDA:126,17,1,0
BRDA:175,18,0,0
BRDA:175,18,1,0
BRDA:181,19,0,0
BRDA:181,19,1,0
BRDA:212,20,0,0
BRDA:212,20,1,0
BRF:42
BRH:0
end_of_record
TN:
SF:services\proveedor.service.js
FN:25,(anonymous_0)
FN:58,(anonymous_1)
FN:88,(anonymous_2)
FN:99,(anonymous_3)
FN:111,(anonymous_4)
FN:133,(anonymous_5)
FN:163,(anonymous_6)
FNF:7
FNH:7
FNDA:3,(anonymous_0)
FNDA:3,(anonymous_1)
FNDA:2,(anonymous_2)
FNDA:1,(anonymous_3)
FNDA:2,(anonymous_4)
FNDA:3,(anonymous_5)
FNDA:2,(anonymous_6)
DA:2,2
DA:27,3
DA:31,3
DA:32,2
DA:33,2
DA:35,1
DA:41,2
DA:44,2
DA:60,3
DA:64,3
DA:66,2
DA:67,2
DA:69,1
DA:75,2
DA:78,2
DA:90,2
DA:101,1
DA:113,2
DA:116,2
DA:117,1
DA:121,1
DA:136,3
DA:138,2
DA:140,2
DA:142,1
DA:148,2
DA:151,2
DA:165,2
DA:168,2
DA:169,1
DA:173,1
DA:180,2
LF:32
LH:32
BRDA:31,0,0,2
BRDA:31,0,1,1
BRDA:33,1,0,1
BRDA:33,1,1,1
BRDA:64,2,0,2
BRDA:64,2,1,1
BRDA:67,3,0,1
BRDA:67,3,1,1
BRDA:116,4,0,1
BRDA:116,4,1,1
BRDA:136,5,0,2
BRDA:136,5,1,1
BRDA:140,6,0,1
BRDA:140,6,1,1
BRDA:168,7,0,1
BRDA:168,7,1,1
BRF:16
BRH:16
end_of_record
TN:
SF:services\venta.service.js
FN:25,(anonymous_0)
FN:43,(anonymous_1)
FN:92,(anonymous_2)
FN:96,(anonymous_3)
FN:97,(anonymous_4)
FN:100,(anonymous_5)
FN:172,(anonymous_6)
FN:186,(anonymous_7)
FN:200,(anonymous_8)
FN:213,(anonymous_9)
FN:229,(anonymous_10)
FN:245,(anonymous_11)
FN:255,(anonymous_12)
FN:271,(anonymous_13)
FN:281,(anonymous_14)
FN:293,(anonymous_15)
FN:295,(anonymous_16)
FN:310,(anonymous_17)
FN:348,(anonymous_18)
FN:358,(anonymous_19)
FN:368,(anonymous_20)
FN:387,(anonymous_21)
FNF:22
FNH:7
FNDA:0,(anonymous_0)
FNDA:0,(anonymous_1)
FNDA:0,(anonymous_2)
FNDA:0,(anonymous_3)
FNDA:0,(anonymous_4)
FNDA:0,(anonymous_5)
FNDA:0,(anonymous_6)
FNDA:0,(anonymous_7)
FNDA:0,(anonymous_8)
FNDA:3,(anonymous_9)
FNDA:4,(anonymous_10)
FNDA:0,(anonymous_11)
FNDA:0,(anonymous_12)
FNDA:0,(anonymous_13)
FNDA:2,(anonymous_14)
FNDA:3,(anonymous_15)
FNDA:6,(anonymous_16)
FNDA:6,(anonymous_17)
FNDA:0,(anonymous_18)
FNDA:0,(anonymous_19)
FNDA:0,(anonymous_20)
FNDA:1,(anonymous_21)
DA:2,5
DA:5,5
DA:8,5
DA:11,5
DA:27,0
DA:45,0
DA:49,0
DA:50,0
DA:51,0
DA:56,0
DA:57,0
DA:63,0
DA:64,0
DA:66,0
DA:68,0
DA:70,0
DA:75,0
DA:76,0
DA:77,0
DA:78,0
DA:81,0
DA:83,0
DA:84,0
DA:85,0
DA:87,0
DA:92,0
DA:95,0
DA:96,0
DA:97,0
DA:100,0
DA:101,0
DA:105,0
DA:106,0
DA:110,0
DA:111,0
DA:114,0
DA:115,0
DA:116,0
DA:120,0
DA:121,0
DA:126,0
DA:129,0
DA:141,0
DA:142,0
DA:146,0
DA:149,0
DA:153,0
DA:174,0
DA:175,0
DA:179,0
DA:188,0
DA:191,0
DA:200,0
DA:215,3
DA:218,3
DA:221,3
DA:230,4
DA:232,1
DA:234,1
DA:236,2
DA:247,0
DA:256,0
DA:259,0
DA:260,0
DA:264,0
DA:272,0
DA:282,2
DA:295,3
DA:296,6
DA:297,6
DA:298,6
DA:310,6
DA:313,3
DA:314,3
DA:317,3
DA:318,1
DA:319,1
DA:321,0
DA:323,1
DA:326,2
DA:327,1
DA:328,1
DA:330,0
DA:332,1
DA:336,3
DA:349,0
DA:359,0
DA:370,0
DA:373,0
DA:374,0
DA:377,0
DA:389,1
DA:392,1
DA:397,5
LF:94
LH:31
BRDA:50,0,0,0
BRDA:50,0,1,0
BRDA:56,1,0,0
BRDA:56,1,1,0
BRDA:56,2,0,0
BRDA:56,2,1,0
BRDA:66,3,0,0
BRDA:66,3,1,0
BRDA:81,4,0,0
BRDA:81,4,1,0
BRDA:81,5,0,0
BRDA:81,5,1,0
BRDA:92,6,0,0
BRDA:92,6,1,0
BRDA:100,7,0,0
BRDA:100,7,1,0
BRDA:105,8,0,0
BRDA:105,8,1,0
BRDA:114,9,0,0
BRDA:114,9,1,0
BRDA:120,10,0,0
BRDA:120,10,1,0
BRDA:136,11,0,0
BRDA:136,11,1,0
BRDA:141,12,0,0
BRDA:141,12,1,0
BRDA:160,13,0,0
BRDA:160,13,1,0
BRDA:174,14,0,0
BRDA:174,14,1,0
BRDA:174,15,0,0
BRDA:174,15,1,0
BRDA:202,16,0,0
BRDA:202,16,1,0
BRDA:230,17,0,1
BRDA:230,17,1,1
BRDA:230,17,2,2
BRDA:247,18,0,0
BRDA:247,18,1,0
BRDA:259,19,0,0
BRDA:259,19,1,0
BRDA:259,20,0,0
BRDA:259,20,1,0
BRDA:259,20,2,0
BRDA:296,21,0,6
BRDA:296,21,1,6
BRDA:304,22,0,6
BRDA:304,22,1,6
BRDA:317,23,0,1
BRDA:317,23,1,2
BRDA:318,24,0,1
BRDA:318,24,1,0
BRDA:326,25,0,1
BRDA:326,25,1,1
BRDA:327,26,0,1
BRDA:327,26,1,0
BRDA:373,27,0,0
BRDA:373,27,1,0
BRF:58
BRH:13
end_of_record
TN:
SF:strategies\credito.js
FN:76,(anonymous_0)
FNF:1
FNH:1
FNDA:3,(anonymous_0)
DA:3,13
DA:80,3
DA:85,3
DA:98,13
LF:4
LH:4
BRDA:76,0,0,3
BRF:1
BRH:1
end_of_record
TN:
SF:strategies\debito.js
FN:4,(anonymous_0)
FNF:1
FNH:0
FNDA:0,(anonymous_0)
DA:1,12
DA:5,0
DA:15,12
LF:3
LH:2
BRDA:4,0,0,0
BRF:1
BRH:0
end_of_record
TN:
SF:strategies\efectivo.js
FN:4,(anonymous_0)
FNF:1
FNH:1
FNDA:1,(anonymous_0)
DA:1,13
DA:5,1
DA:17,13
LF:3
LH:3
BRDA:4,0,0,1
BRF:1
BRH:1
end_of_record
TN:
SF:strategies\mercadoPago.js
FN:79,(anonymous_0)
FNF:1
FNH:1
FNDA:1,(anonymous_0)
DA:3,13
DA:83,1
DA:88,1
DA:101,13
LF:4
LH:4
BRDA:79,0,0,1
BRF:1
BRH:1
end_of_record
TN:
SF:strategies\pagoFactory.js
FN:66,(anonymous_0)
FNF:1
FNH:0
FNDA:0,(anonymous_0)
DA:6,12
DA:9,12
DA:12,12
DA:15,12
DA:18,12
DA:69,0
DA:72,0
DA:75,0
DA:79,0
DA:83,0
DA:87,0
DA:91,0
DA:96,0
DA:102,12
LF:14
LH:6
BRDA:72,0,0,0
BRDA:72,0,1,0
BRDA:72,0,2,0
BRDA:72,0,3,0
BRDA:72,0,4,0
BRDA:72,0,5,0
BRF:6
BRH:0
end_of_record
TN:
SF:strategies\pagoStrategy.js
FN:51,(anonymous_0)
FNF:1
FNH:0
FNDA:0,(anonymous_0)
DA:54,0
DA:59,15
LF:2
LH:1
BRF:0
BRH:0
end_of_record
TN:
SF:strategies\transferencia.js
FN:62,(anonymous_0)
FNF:1
FNH:0
FNDA:0,(anonymous_0)
DA:3,12
DA:65,0
DA:76,12
LF:3
LH:2
BRDA:62,0,0,0
BRF:1
BRH:0
end_of_record
TN:
SF:utils\helpers.js
FN:2,(anonymous_0)
FN:6,(anonymous_1)
FN:7,(anonymous_2)
FN:10,(anonymous_3)
FN:11,(anonymous_4)
FNF:5
FNH:0
FNDA:0,(anonymous_0)
FNDA:0,(anonymous_1)
FNDA:0,(anonymous_2)
FNDA:0,(anonymous_3)
FNDA:0,(anonymous_4)
DA:3,0
DA:7,0
DA:11,0
DA:12,0
DA:20,5
LF:5
LH:1
BRDA:2,0,0,0
BRDA:7,1,0,0
BRDA:7,1,1,0
BRF:3
BRH:0
end_of_record
